     1 00000000                                 [FORMAT "WCOFF"]
     2 00000000                                 [INSTRSET "i486p"]
     3 00000000                                 [OPTIMIZE 1]
     4 00000000                                 [OPTION 1]
     5 00000000                                 [BITS 32]
     6 00000000                                 	EXTERN	_hankaku
     7 00000000                                 	EXTERN	_io_hlt
     8 00000000                                 	EXTERN	_io_load_eflags
     9 00000000                                 	EXTERN	_io_cli
    10 00000000                                 	EXTERN	_io_out8
    11 00000000                                 	EXTERN	_io_store_eflags
    12 00000000                                 [FILE "bootpack.c"]
    13                                          [SECTION .data]
    14 00000000                                 _font_A:
    15 00000000 00                              	DB	0
    16 00000001 18                              	DB	24
    17 00000002 18                              	DB	24
    18 00000003 18                              	DB	24
    19 00000004 18                              	DB	24
    20 00000005 24                              	DB	36
    21 00000006 24                              	DB	36
    22 00000007 24                              	DB	36
    23 00000008 24                              	DB	36
    24 00000009 7E                              	DB	126
    25 0000000A 42                              	DB	66
    26 0000000B 42                              	DB	66
    27 0000000C 42                              	DB	66
    28 0000000D E7                              	DB	-25
    29 0000000E 00                              	DB	0
    30 0000000F 00                              	DB	0
    31                                          [SECTION .text]
    32 00000000                                 	GLOBAL	_HariMain
    33 00000000                                 _HariMain:
    34 00000000 55                              	PUSH	EBP
    35 00000001 89 E5                           	MOV	EBP,ESP
    36 00000003 E8 000000E2                     	CALL	_init_palette
    37 00000008 0F BF 05 00000FF6               	MOVSX	EAX,WORD [4086]
    38 0000000F 50                              	PUSH	EAX
    39 00000010 0F BF 05 00000FF4               	MOVSX	EAX,WORD [4084]
    40 00000017 50                              	PUSH	EAX
    41 00000018 FF 35 00000FF8                  	PUSH	DWORD [4088]
    42 0000001E E8 000001B3                     	CALL	_init_screen
    43 00000023 68 [00000410]                   	PUSH	_hankaku+1040
    44 00000028 6A 07                           	PUSH	7
    45 0000002A 6A 08                           	PUSH	8
    46 0000002C 6A 08                           	PUSH	8
    47 0000002E 0F BF 05 00000FF4               	MOVSX	EAX,WORD [4084]
    48 00000035 50                              	PUSH	EAX
    49 00000036 FF 35 00000FF8                  	PUSH	DWORD [4088]
    50 0000003C E8 00000320                     	CALL	_putfont8
    51 00000041 83 C4 24                        	ADD	ESP,36
    52 00000044 68 [00000420]                   	PUSH	_hankaku+1056
    53 00000049 6A 07                           	PUSH	7
    54 0000004B 6A 08                           	PUSH	8
    55 0000004D 6A 10                           	PUSH	16
    56 0000004F 0F BF 05 00000FF4               	MOVSX	EAX,WORD [4084]
    57 00000056 50                              	PUSH	EAX
    58 00000057 FF 35 00000FF8                  	PUSH	DWORD [4088]
    59 0000005D E8 000002FF                     	CALL	_putfont8
    60 00000062 68 [00000430]                   	PUSH	_hankaku+1072
    61 00000067 6A 07                           	PUSH	7
    62 00000069 6A 08                           	PUSH	8
    63 0000006B 6A 18                           	PUSH	24
    64 0000006D 0F BF 05 00000FF4               	MOVSX	EAX,WORD [4084]
    65 00000074 50                              	PUSH	EAX
    66 00000075 FF 35 00000FF8                  	PUSH	DWORD [4088]
    67 0000007B E8 000002E1                     	CALL	_putfont8
    68 00000080 83 C4 30                        	ADD	ESP,48
    69 00000083 68 [00000310]                   	PUSH	_hankaku+784
    70 00000088 6A 07                           	PUSH	7
    71 0000008A 6A 18                           	PUSH	24
    72 0000008C 6A 08                           	PUSH	8
    73 0000008E 0F BF 05 00000FF4               	MOVSX	EAX,WORD [4084]
    74 00000095 50                              	PUSH	EAX
    75 00000096 FF 35 00000FF8                  	PUSH	DWORD [4088]
    76 0000009C E8 000002C0                     	CALL	_putfont8
    77 000000A1 68 [00000320]                   	PUSH	_hankaku+800
    78 000000A6 6A 07                           	PUSH	7
    79 000000A8 6A 18                           	PUSH	24
    80 000000AA 6A 10                           	PUSH	16
    81 000000AC 0F BF 05 00000FF4               	MOVSX	EAX,WORD [4084]
    82 000000B3 50                              	PUSH	EAX
    83 000000B4 FF 35 00000FF8                  	PUSH	DWORD [4088]
    84 000000BA E8 000002A2                     	CALL	_putfont8
    85 000000BF 83 C4 30                        	ADD	ESP,48
    86 000000C2 68 [00000330]                   	PUSH	_hankaku+816
    87 000000C7 6A 07                           	PUSH	7
    88 000000C9 6A 18                           	PUSH	24
    89 000000CB 6A 18                           	PUSH	24
    90 000000CD 0F BF 05 00000FF4               	MOVSX	EAX,WORD [4084]
    91 000000D4 50                              	PUSH	EAX
    92 000000D5 FF 35 00000FF8                  	PUSH	DWORD [4088]
    93 000000DB E8 00000281                     	CALL	_putfont8
    94 000000E0 83 C4 18                        	ADD	ESP,24
    95 000000E3                                 L2:
    96 000000E3 E8 [00000000]                   	CALL	_io_hlt
    97 000000E8 EB F9                           	JMP	L2
    98                                          [SECTION .data]
    99 00000010                                 _table_rgb.0:
   100 00000010 00                              	DB	0
   101 00000011 00                              	DB	0
   102 00000012 00                              	DB	0
   103 00000013 FF                              	DB	-1
   104 00000014 00                              	DB	0
   105 00000015 00                              	DB	0
   106 00000016 00                              	DB	0
   107 00000017 FF                              	DB	-1
   108 00000018 00                              	DB	0
   109 00000019 FF                              	DB	-1
   110 0000001A FF                              	DB	-1
   111 0000001B 00                              	DB	0
   112 0000001C 00                              	DB	0
   113 0000001D 00                              	DB	0
   114 0000001E FF                              	DB	-1
   115 0000001F FF                              	DB	-1
   116 00000020 00                              	DB	0
   117 00000021 FF                              	DB	-1
   118 00000022 00                              	DB	0
   119 00000023 FF                              	DB	-1
   120 00000024 FF                              	DB	-1
   121 00000025 FF                              	DB	-1
   122 00000026 FF                              	DB	-1
   123 00000027 FF                              	DB	-1
   124 00000028 C6                              	DB	-58
   125 00000029 C6                              	DB	-58
   126 0000002A C6                              	DB	-58
   127 0000002B 84                              	DB	-124
   128 0000002C 00                              	DB	0
   129 0000002D 00                              	DB	0
   130 0000002E 00                              	DB	0
   131 0000002F 84                              	DB	-124
   132 00000030 00                              	DB	0
   133 00000031 84                              	DB	-124
   134 00000032 84                              	DB	-124
   135 00000033 00                              	DB	0
   136 00000034 00                              	DB	0
   137 00000035 00                              	DB	0
   138 00000036 84                              	DB	-124
   139 00000037 84                              	DB	-124
   140 00000038 00                              	DB	0
   141 00000039 84                              	DB	-124
   142 0000003A 00                              	DB	0
   143 0000003B 84                              	DB	-124
   144 0000003C 84                              	DB	-124
   145 0000003D 84                              	DB	-124
   146 0000003E 84                              	DB	-124
   147 0000003F 84                              	DB	-124
   148                                          [SECTION .text]
   149 000000EA                                 	GLOBAL	_init_palette
   150 000000EA                                 _init_palette:
   151 000000EA 55                              	PUSH	EBP
   152 000000EB 89 E5                           	MOV	EBP,ESP
   153 000000ED 68 [00000010]                   	PUSH	_table_rgb.0
   154 000000F2 6A 0F                           	PUSH	15
   155 000000F4 6A 00                           	PUSH	0
   156 000000F6 E8 00000002                     	CALL	_set_palette
   157 000000FB C9                              	LEAVE
   158 000000FC C3                              	RET
   159 000000FD                                 	GLOBAL	_set_palette
   160 000000FD                                 _set_palette:
   161 000000FD 55                              	PUSH	EBP
   162 000000FE 89 E5                           	MOV	EBP,ESP
   163 00000100 57                              	PUSH	EDI
   164 00000101 56                              	PUSH	ESI
   165 00000102 53                              	PUSH	EBX
   166 00000103 51                              	PUSH	ECX
   167 00000104 8B 5D 08                        	MOV	EBX,DWORD [8+EBP]
   168 00000107 8B 7D 0C                        	MOV	EDI,DWORD [12+EBP]
   169 0000010A 8B 75 10                        	MOV	ESI,DWORD [16+EBP]
   170 0000010D E8 [00000000]                   	CALL	_io_load_eflags
   171 00000112 89 45 F0                        	MOV	DWORD [-16+EBP],EAX
   172 00000115 E8 [00000000]                   	CALL	_io_cli
   173 0000011A 53                              	PUSH	EBX
   174 0000011B 68 000003C8                     	PUSH	968
   175 00000120 E8 [00000000]                   	CALL	_io_out8
   176 00000125 39 FB                           	CMP	EBX,EDI
   177 00000127 58                              	POP	EAX
   178 00000128 5A                              	POP	EDX
   179 00000129 7E 12                           	JLE	L11
   180 0000012B                                 L13:
   181 0000012B 8B 45 F0                        	MOV	EAX,DWORD [-16+EBP]
   182 0000012E 89 45 08                        	MOV	DWORD [8+EBP],EAX
   183 00000131 8D 65 F4                        	LEA	ESP,DWORD [-12+EBP]
   184 00000134 5B                              	POP	EBX
   185 00000135 5E                              	POP	ESI
   186 00000136 5F                              	POP	EDI
   187 00000137 5D                              	POP	EBP
   188 00000138 E9 [00000000]                   	JMP	_io_store_eflags
   189 0000013D                                 L11:
   190 0000013D 8A 06                           	MOV	AL,BYTE [ESI]
   191 0000013F 43                              	INC	EBX
   192 00000140 C0 E8 02                        	SHR	AL,2
   193 00000143 0F B6 C0                        	MOVZX	EAX,AL
   194 00000146 50                              	PUSH	EAX
   195 00000147 68 000003C9                     	PUSH	969
   196 0000014C E8 [00000000]                   	CALL	_io_out8
   197 00000151 8A 46 01                        	MOV	AL,BYTE [1+ESI]
   198 00000154 C0 E8 02                        	SHR	AL,2
   199 00000157 0F B6 C0                        	MOVZX	EAX,AL
   200 0000015A 50                              	PUSH	EAX
   201 0000015B 68 000003C9                     	PUSH	969
   202 00000160 E8 [00000000]                   	CALL	_io_out8
   203 00000165 8A 46 02                        	MOV	AL,BYTE [2+ESI]
   204 00000168 C0 E8 02                        	SHR	AL,2
   205 0000016B 83 C6 03                        	ADD	ESI,3
   206 0000016E 0F B6 C0                        	MOVZX	EAX,AL
   207 00000171 50                              	PUSH	EAX
   208 00000172 68 000003C9                     	PUSH	969
   209 00000177 E8 [00000000]                   	CALL	_io_out8
   210 0000017C 83 C4 18                        	ADD	ESP,24
   211 0000017F 39 FB                           	CMP	EBX,EDI
   212 00000181 7E BA                           	JLE	L11
   213 00000183 EB A6                           	JMP	L13
   214 00000185                                 	GLOBAL	_boxfill8
   215 00000185                                 _boxfill8:
   216 00000185 55                              	PUSH	EBP
   217 00000186 89 E5                           	MOV	EBP,ESP
   218 00000188 57                              	PUSH	EDI
   219 00000189 56                              	PUSH	ESI
   220 0000018A 53                              	PUSH	EBX
   221 0000018B 57                              	PUSH	EDI
   222 0000018C 57                              	PUSH	EDI
   223 0000018D 8A 45 10                        	MOV	AL,BYTE [16+EBP]
   224 00000190 8B 4D 18                        	MOV	ECX,DWORD [24+EBP]
   225 00000193 8B 7D 1C                        	MOV	EDI,DWORD [28+EBP]
   226 00000196 88 45 F3                        	MOV	BYTE [-13+EBP],AL
   227 00000199 3B 4D 20                        	CMP	ECX,DWORD [32+EBP]
   228 0000019C 7F 31                           	JG	L26
   229 0000019E 8B 5D 0C                        	MOV	EBX,DWORD [12+EBP]
   230 000001A1 0F AF D9                        	IMUL	EBX,ECX
   231 000001A4                                 L24:
   232 000001A4 8B 55 14                        	MOV	EDX,DWORD [20+EBP]
   233 000001A7 39 FA                           	CMP	EDX,EDI
   234 000001A9 7F 1B                           	JG	L28
   235 000001AB 8B 75 08                        	MOV	ESI,DWORD [8+EBP]
   236 000001AE 01 DE                           	ADD	ESI,EBX
   237 000001B0 01 D6                           	ADD	ESI,EDX
   238 000001B2 89 75 EC                        	MOV	DWORD [-20+EBP],ESI
   239 000001B5                                 L23:
   240 000001B5 8B 75 EC                        	MOV	ESI,DWORD [-20+EBP]
   241 000001B8 8A 45 F3                        	MOV	AL,BYTE [-13+EBP]
   242 000001BB 42                              	INC	EDX
   243 000001BC 88 06                           	MOV	BYTE [ESI],AL
   244 000001BE 46                              	INC	ESI
   245 000001BF 89 75 EC                        	MOV	DWORD [-20+EBP],ESI
   246 000001C2 39 FA                           	CMP	EDX,EDI
   247 000001C4 7E EF                           	JLE	L23
   248 000001C6                                 L28:
   249 000001C6 41                              	INC	ECX
   250 000001C7 03 5D 0C                        	ADD	EBX,DWORD [12+EBP]
   251 000001CA 3B 4D 20                        	CMP	ECX,DWORD [32+EBP]
   252 000001CD 7E D5                           	JLE	L24
   253 000001CF                                 L26:
   254 000001CF 5B                              	POP	EBX
   255 000001D0 5E                              	POP	ESI
   256 000001D1 5B                              	POP	EBX
   257 000001D2 5E                              	POP	ESI
   258 000001D3 5F                              	POP	EDI
   259 000001D4 5D                              	POP	EBP
   260 000001D5 C3                              	RET
   261 000001D6                                 	GLOBAL	_init_screen
   262 000001D6                                 _init_screen:
   263 000001D6 55                              	PUSH	EBP
   264 000001D7 89 E5                           	MOV	EBP,ESP
   265 000001D9 57                              	PUSH	EDI
   266 000001DA 56                              	PUSH	ESI
   267 000001DB 53                              	PUSH	EBX
   268 000001DC 83 EC 0C                        	SUB	ESP,12
   269 000001DF 8B 45 10                        	MOV	EAX,DWORD [16+EBP]
   270 000001E2 8B 7D 0C                        	MOV	EDI,DWORD [12+EBP]
   271 000001E5 83 E8 1D                        	SUB	EAX,29
   272 000001E8 4F                              	DEC	EDI
   273 000001E9 50                              	PUSH	EAX
   274 000001EA 57                              	PUSH	EDI
   275 000001EB 6A 00                           	PUSH	0
   276 000001ED 6A 00                           	PUSH	0
   277 000001EF 6A 0E                           	PUSH	14
   278 000001F1 FF 75 0C                        	PUSH	DWORD [12+EBP]
   279 000001F4 FF 75 08                        	PUSH	DWORD [8+EBP]
   280 000001F7 E8 FFFFFF89                     	CALL	_boxfill8
   281 000001FC 8B 45 10                        	MOV	EAX,DWORD [16+EBP]
   282 000001FF 83 E8 1C                        	SUB	EAX,28
   283 00000202 50                              	PUSH	EAX
   284 00000203 57                              	PUSH	EDI
   285 00000204 50                              	PUSH	EAX
   286 00000205 6A 00                           	PUSH	0
   287 00000207 6A 08                           	PUSH	8
   288 00000209 FF 75 0C                        	PUSH	DWORD [12+EBP]
   289 0000020C FF 75 08                        	PUSH	DWORD [8+EBP]
   290 0000020F E8 FFFFFF71                     	CALL	_boxfill8
   291 00000214 8B 45 10                        	MOV	EAX,DWORD [16+EBP]
   292 00000217 83 C4 38                        	ADD	ESP,56
   293 0000021A 83 E8 1B                        	SUB	EAX,27
   294 0000021D 50                              	PUSH	EAX
   295 0000021E 57                              	PUSH	EDI
   296 0000021F 50                              	PUSH	EAX
   297 00000220 6A 00                           	PUSH	0
   298 00000222 6A 07                           	PUSH	7
   299 00000224 FF 75 0C                        	PUSH	DWORD [12+EBP]
   300 00000227 FF 75 08                        	PUSH	DWORD [8+EBP]
   301 0000022A E8 FFFFFF56                     	CALL	_boxfill8
   302 0000022F 8B 45 10                        	MOV	EAX,DWORD [16+EBP]
   303 00000232 48                              	DEC	EAX
   304 00000233 50                              	PUSH	EAX
   305 00000234 8B 45 10                        	MOV	EAX,DWORD [16+EBP]
   306 00000237 57                              	PUSH	EDI
   307 00000238 83 E8 1A                        	SUB	EAX,26
   308 0000023B 50                              	PUSH	EAX
   309 0000023C 6A 00                           	PUSH	0
   310 0000023E 6A 08                           	PUSH	8
   311 00000240 FF 75 0C                        	PUSH	DWORD [12+EBP]
   312 00000243 FF 75 08                        	PUSH	DWORD [8+EBP]
   313 00000246 E8 FFFFFF3A                     	CALL	_boxfill8
   314 0000024B 8B 75 10                        	MOV	ESI,DWORD [16+EBP]
   315 0000024E 83 C4 38                        	ADD	ESP,56
   316 00000251 83 EE 18                        	SUB	ESI,24
   317 00000254 56                              	PUSH	ESI
   318 00000255 6A 3B                           	PUSH	59
   319 00000257 56                              	PUSH	ESI
   320 00000258 6A 03                           	PUSH	3
   321 0000025A 6A 07                           	PUSH	7
   322 0000025C FF 75 0C                        	PUSH	DWORD [12+EBP]
   323 0000025F FF 75 08                        	PUSH	DWORD [8+EBP]
   324 00000262 E8 FFFFFF1E                     	CALL	_boxfill8
   325 00000267 8B 45 10                        	MOV	EAX,DWORD [16+EBP]
   326 0000026A 83 E8 04                        	SUB	EAX,4
   327 0000026D 50                              	PUSH	EAX
   328 0000026E 89 45 F0                        	MOV	DWORD [-16+EBP],EAX
   329 00000271 6A 02                           	PUSH	2
   330 00000273 56                              	PUSH	ESI
   331 00000274 6A 02                           	PUSH	2
   332 00000276 6A 07                           	PUSH	7
   333 00000278 FF 75 0C                        	PUSH	DWORD [12+EBP]
   334 0000027B FF 75 08                        	PUSH	DWORD [8+EBP]
   335 0000027E E8 FFFFFF02                     	CALL	_boxfill8
   336 00000283 83 C4 38                        	ADD	ESP,56
   337 00000286 FF 75 F0                        	PUSH	DWORD [-16+EBP]
   338 00000289 6A 3B                           	PUSH	59
   339 0000028B FF 75 F0                        	PUSH	DWORD [-16+EBP]
   340 0000028E 6A 03                           	PUSH	3
   341 00000290 6A 0F                           	PUSH	15
   342 00000292 FF 75 0C                        	PUSH	DWORD [12+EBP]
   343 00000295 FF 75 08                        	PUSH	DWORD [8+EBP]
   344 00000298 E8 FFFFFEE8                     	CALL	_boxfill8
   345 0000029D 8B 45 10                        	MOV	EAX,DWORD [16+EBP]
   346 000002A0 83 E8 05                        	SUB	EAX,5
   347 000002A3 50                              	PUSH	EAX
   348 000002A4 8B 45 10                        	MOV	EAX,DWORD [16+EBP]
   349 000002A7 6A 3B                           	PUSH	59
   350 000002A9 83 E8 17                        	SUB	EAX,23
   351 000002AC 50                              	PUSH	EAX
   352 000002AD 89 45 EC                        	MOV	DWORD [-20+EBP],EAX
   353 000002B0 6A 3B                           	PUSH	59
   354 000002B2 6A 0F                           	PUSH	15
   355 000002B4 FF 75 0C                        	PUSH	DWORD [12+EBP]
   356 000002B7 FF 75 08                        	PUSH	DWORD [8+EBP]
   357 000002BA E8 FFFFFEC6                     	CALL	_boxfill8
   358 000002BF 8B 45 10                        	MOV	EAX,DWORD [16+EBP]
   359 000002C2 83 C4 38                        	ADD	ESP,56
   360 000002C5 83 E8 03                        	SUB	EAX,3
   361 000002C8 89 45 E8                        	MOV	DWORD [-24+EBP],EAX
   362 000002CB 50                              	PUSH	EAX
   363 000002CC 6A 3B                           	PUSH	59
   364 000002CE 50                              	PUSH	EAX
   365 000002CF 6A 02                           	PUSH	2
   366 000002D1 6A 00                           	PUSH	0
   367 000002D3 FF 75 0C                        	PUSH	DWORD [12+EBP]
   368 000002D6 FF 75 08                        	PUSH	DWORD [8+EBP]
   369 000002D9 E8 FFFFFEA7                     	CALL	_boxfill8
   370 000002DE FF 75 E8                        	PUSH	DWORD [-24+EBP]
   371 000002E1 6A 3C                           	PUSH	60
   372 000002E3 56                              	PUSH	ESI
   373 000002E4 6A 3C                           	PUSH	60
   374 000002E6 6A 00                           	PUSH	0
   375 000002E8 FF 75 0C                        	PUSH	DWORD [12+EBP]
   376 000002EB FF 75 08                        	PUSH	DWORD [8+EBP]
   377 000002EE E8 FFFFFE92                     	CALL	_boxfill8
   378 000002F3 8B 7D 0C                        	MOV	EDI,DWORD [12+EBP]
   379 000002F6 83 C4 38                        	ADD	ESP,56
   380 000002F9 8B 5D 0C                        	MOV	EBX,DWORD [12+EBP]
   381 000002FC 83 EB 04                        	SUB	EBX,4
   382 000002FF 83 EF 2F                        	SUB	EDI,47
   383 00000302 56                              	PUSH	ESI
   384 00000303 53                              	PUSH	EBX
   385 00000304 56                              	PUSH	ESI
   386 00000305 57                              	PUSH	EDI
   387 00000306 6A 0F                           	PUSH	15
   388 00000308 FF 75 0C                        	PUSH	DWORD [12+EBP]
   389 0000030B FF 75 08                        	PUSH	DWORD [8+EBP]
   390 0000030E E8 FFFFFE72                     	CALL	_boxfill8
   391 00000313 FF 75 F0                        	PUSH	DWORD [-16+EBP]
   392 00000316 57                              	PUSH	EDI
   393 00000317 FF 75 EC                        	PUSH	DWORD [-20+EBP]
   394 0000031A 57                              	PUSH	EDI
   395 0000031B 6A 0F                           	PUSH	15
   396 0000031D FF 75 0C                        	PUSH	DWORD [12+EBP]
   397 00000320 FF 75 08                        	PUSH	DWORD [8+EBP]
   398 00000323 E8 FFFFFE5D                     	CALL	_boxfill8
   399 00000328 83 C4 38                        	ADD	ESP,56
   400 0000032B FF 75 E8                        	PUSH	DWORD [-24+EBP]
   401 0000032E 53                              	PUSH	EBX
   402 0000032F FF 75 E8                        	PUSH	DWORD [-24+EBP]
   403 00000332 57                              	PUSH	EDI
   404 00000333 6A 07                           	PUSH	7
   405 00000335 FF 75 0C                        	PUSH	DWORD [12+EBP]
   406 00000338 FF 75 08                        	PUSH	DWORD [8+EBP]
   407 0000033B E8 FFFFFE45                     	CALL	_boxfill8
   408 00000340 8B 45 0C                        	MOV	EAX,DWORD [12+EBP]
   409 00000343 FF 75 E8                        	PUSH	DWORD [-24+EBP]
   410 00000346 83 E8 03                        	SUB	EAX,3
   411 00000349 50                              	PUSH	EAX
   412 0000034A 56                              	PUSH	ESI
   413 0000034B 50                              	PUSH	EAX
   414 0000034C 6A 07                           	PUSH	7
   415 0000034E FF 75 0C                        	PUSH	DWORD [12+EBP]
   416 00000351 FF 75 08                        	PUSH	DWORD [8+EBP]
   417 00000354 E8 FFFFFE2C                     	CALL	_boxfill8
   418 00000359 8D 65 F4                        	LEA	ESP,DWORD [-12+EBP]
   419 0000035C 5B                              	POP	EBX
   420 0000035D 5E                              	POP	ESI
   421 0000035E 5F                              	POP	EDI
   422 0000035F 5D                              	POP	EBP
   423 00000360 C3                              	RET
   424 00000361                                 	GLOBAL	_putfont8
   425 00000361                                 _putfont8:
   426 00000361 55                              	PUSH	EBP
   427 00000362 89 E5                           	MOV	EBP,ESP
   428 00000364 57                              	PUSH	EDI
   429 00000365 56                              	PUSH	ESI
   430 00000366 31 F6                           	XOR	ESI,ESI
   431 00000368 53                              	PUSH	EBX
   432 00000369 8B 7D 1C                        	MOV	EDI,DWORD [28+EBP]
   433 0000036C 8A 5D 18                        	MOV	BL,BYTE [24+EBP]
   434 0000036F                                 L43:
   435 0000036F 8B 45 14                        	MOV	EAX,DWORD [20+EBP]
   436 00000372 8B 55 10                        	MOV	EDX,DWORD [16+EBP]
   437 00000375 01 F0                           	ADD	EAX,ESI
   438 00000377 0F AF 45 0C                     	IMUL	EAX,DWORD [12+EBP]
   439 0000037B 03 45 08                        	ADD	EAX,DWORD [8+EBP]
   440 0000037E 8D 0C 02                        	LEA	ECX,DWORD [EDX+EAX*1]
   441 00000381 8A 14 3E                        	MOV	DL,BYTE [ESI+EDI*1]
   442 00000384 84 D2                           	TEST	DL,DL
   443 00000386 79 02                           	JNS	L35
   444 00000388 88 19                           	MOV	BYTE [ECX],BL
   445 0000038A                                 L35:
   446 0000038A 88 D0                           	MOV	AL,DL
   447 0000038C 83 E0 40                        	AND	EAX,64
   448 0000038F 84 C0                           	TEST	AL,AL
   449 00000391 74 03                           	JE	L36
   450 00000393 88 59 01                        	MOV	BYTE [1+ECX],BL
   451 00000396                                 L36:
   452 00000396 88 D0                           	MOV	AL,DL
   453 00000398 83 E0 20                        	AND	EAX,32
   454 0000039B 84 C0                           	TEST	AL,AL
   455 0000039D 74 03                           	JE	L37
   456 0000039F 88 59 02                        	MOV	BYTE [2+ECX],BL
   457 000003A2                                 L37:
   458 000003A2 88 D0                           	MOV	AL,DL
   459 000003A4 83 E0 10                        	AND	EAX,16
   460 000003A7 84 C0                           	TEST	AL,AL
   461 000003A9 74 03                           	JE	L38
   462 000003AB 88 59 03                        	MOV	BYTE [3+ECX],BL
   463 000003AE                                 L38:
   464 000003AE 88 D0                           	MOV	AL,DL
   465 000003B0 83 E0 08                        	AND	EAX,8
   466 000003B3 84 C0                           	TEST	AL,AL
   467 000003B5 74 03                           	JE	L39
   468 000003B7 88 59 04                        	MOV	BYTE [4+ECX],BL
   469 000003BA                                 L39:
   470 000003BA 88 D0                           	MOV	AL,DL
   471 000003BC 83 E0 04                        	AND	EAX,4
   472 000003BF 84 C0                           	TEST	AL,AL
   473 000003C1 74 03                           	JE	L40
   474 000003C3 88 59 05                        	MOV	BYTE [5+ECX],BL
   475 000003C6                                 L40:
   476 000003C6 88 D0                           	MOV	AL,DL
   477 000003C8 83 E0 02                        	AND	EAX,2
   478 000003CB 84 C0                           	TEST	AL,AL
   479 000003CD 74 03                           	JE	L41
   480 000003CF 88 59 06                        	MOV	BYTE [6+ECX],BL
   481 000003D2                                 L41:
   482 000003D2 83 E2 01                        	AND	EDX,1
   483 000003D5 84 D2                           	TEST	DL,DL
   484 000003D7 74 03                           	JE	L33
   485 000003D9 88 59 07                        	MOV	BYTE [7+ECX],BL
   486 000003DC                                 L33:
   487 000003DC 46                              	INC	ESI
   488 000003DD 83 FE 0F                        	CMP	ESI,15
   489 000003E0 7E 8D                           	JLE	L43
   490 000003E2 5B                              	POP	EBX
   491 000003E3 5E                              	POP	ESI
   492 000003E4 5F                              	POP	EDI
   493 000003E5 5D                              	POP	EBP
   494 000003E6 C3                              	RET
