     1 00000000                                 [FORMAT "WCOFF"]
     2 00000000                                 [INSTRSET "i486p"]
     3 00000000                                 [OPTIMIZE 1]
     4 00000000                                 [OPTION 1]
     5 00000000                                 [BITS 32]
     6 00000000                                 	EXTERN	_sprintf
     7 00000000                                 	EXTERN	_io_hlt
     8 00000000                                 	EXTERN	_io_load_eflags
     9 00000000                                 	EXTERN	_io_cli
    10 00000000                                 	EXTERN	_io_out8
    11 00000000                                 	EXTERN	_io_store_eflags
    12 00000000                                 	EXTERN	_hankaku
    13 00000000                                 [FILE "bootpack.c"]
    14                                          [SECTION .data]
    15 00000000                                 _font_A:
    16 00000000 00                              	DB	0
    17 00000001 18                              	DB	24
    18 00000002 18                              	DB	24
    19 00000003 18                              	DB	24
    20 00000004 18                              	DB	24
    21 00000005 24                              	DB	36
    22 00000006 24                              	DB	36
    23 00000007 24                              	DB	36
    24 00000008 24                              	DB	36
    25 00000009 7E                              	DB	126
    26 0000000A 42                              	DB	66
    27 0000000B 42                              	DB	66
    28 0000000C 42                              	DB	66
    29 0000000D E7                              	DB	-25
    30 0000000E 00                              	DB	0
    31 0000000F 00                              	DB	0
    32 00000010                                 LC0:
    33 00000010 41 42 43 20 31 32 33 00         	DB	"ABC 123",0x00
    34 00000018                                 LC1:
    35 00000018 48 61 72 69 62 6F 74 65 20 4F   	DB	"Haribote OS.",0x00
       00000022 53 2E 00 
    36 00000025                                 LC2:
    37 00000025 73 63 72 6E 78 20 3D 20 25 64   	DB	"scrnx = %d",0x00
       0000002F 00 
    38                                          [SECTION .text]
    39 00000000                                 	GLOBAL	_HariMain
    40 00000000                                 _HariMain:
    41 00000000 55                              	PUSH	EBP
    42 00000001 89 E5                           	MOV	EBP,ESP
    43 00000003 53                              	PUSH	EBX
    44 00000004 83 EC 30                        	SUB	ESP,48
    45 00000007 8D 5D CC                        	LEA	EBX,DWORD [-52+EBP]
    46 0000000A E8 000000B2                     	CALL	_init_palette
    47 0000000F 0F BF 05 00000FF6               	MOVSX	EAX,WORD [4086]
    48 00000016 50                              	PUSH	EAX
    49 00000017 0F BF 05 00000FF4               	MOVSX	EAX,WORD [4084]
    50 0000001E 50                              	PUSH	EAX
    51 0000001F FF 35 00000FF8                  	PUSH	DWORD [4088]
    52 00000025 E8 00000183                     	CALL	_init_screen
    53 0000002A 68 [00000010]                   	PUSH	LC0
    54 0000002F 6A 07                           	PUSH	7
    55 00000031 6A 08                           	PUSH	8
    56 00000033 6A 08                           	PUSH	8
    57 00000035 0F BF 05 00000FF4               	MOVSX	EAX,WORD [4084]
    58 0000003C 50                              	PUSH	EAX
    59 0000003D FF 35 00000FF8                  	PUSH	DWORD [4088]
    60 00000043 E8 00000376                     	CALL	_putfonts8_asc
    61 00000048 83 C4 24                        	ADD	ESP,36
    62 0000004B 68 [00000018]                   	PUSH	LC1
    63 00000050 6A 00                           	PUSH	0
    64 00000052 6A 1F                           	PUSH	31
    65 00000054 6A 1F                           	PUSH	31
    66 00000056 0F BF 05 00000FF4               	MOVSX	EAX,WORD [4084]
    67 0000005D 50                              	PUSH	EAX
    68 0000005E FF 35 00000FF8                  	PUSH	DWORD [4088]
    69 00000064 E8 00000355                     	CALL	_putfonts8_asc
    70 00000069 68 [00000018]                   	PUSH	LC1
    71 0000006E 6A 07                           	PUSH	7
    72 00000070 6A 1E                           	PUSH	30
    73 00000072 6A 1E                           	PUSH	30
    74 00000074 0F BF 05 00000FF4               	MOVSX	EAX,WORD [4084]
    75 0000007B 50                              	PUSH	EAX
    76 0000007C FF 35 00000FF8                  	PUSH	DWORD [4088]
    77 00000082 E8 00000337                     	CALL	_putfonts8_asc
    78 00000087 83 C4 30                        	ADD	ESP,48
    79 0000008A 0F BF 05 00000FF4               	MOVSX	EAX,WORD [4084]
    80 00000091 50                              	PUSH	EAX
    81 00000092 68 [00000025]                   	PUSH	LC2
    82 00000097 53                              	PUSH	EBX
    83 00000098 E8 [00000000]                   	CALL	_sprintf
    84 0000009D 53                              	PUSH	EBX
    85 0000009E 6A 07                           	PUSH	7
    86 000000A0 6A 40                           	PUSH	64
    87 000000A2 6A 10                           	PUSH	16
    88 000000A4 0F BF 05 00000FF4               	MOVSX	EAX,WORD [4084]
    89 000000AB 50                              	PUSH	EAX
    90 000000AC FF 35 00000FF8                  	PUSH	DWORD [4088]
    91 000000B2 E8 00000307                     	CALL	_putfonts8_asc
    92 000000B7 83 C4 24                        	ADD	ESP,36
    93 000000BA                                 L2:
    94 000000BA E8 [00000000]                   	CALL	_io_hlt
    95 000000BF EB F9                           	JMP	L2
    96                                          [SECTION .data]
    97 00000030                                 _table_rgb.0:
    98 00000030 00                              	DB	0
    99 00000031 00                              	DB	0
   100 00000032 00                              	DB	0
   101 00000033 FF                              	DB	-1
   102 00000034 00                              	DB	0
   103 00000035 00                              	DB	0
   104 00000036 00                              	DB	0
   105 00000037 FF                              	DB	-1
   106 00000038 00                              	DB	0
   107 00000039 FF                              	DB	-1
   108 0000003A FF                              	DB	-1
   109 0000003B 00                              	DB	0
   110 0000003C 00                              	DB	0
   111 0000003D 00                              	DB	0
   112 0000003E FF                              	DB	-1
   113 0000003F FF                              	DB	-1
   114 00000040 00                              	DB	0
   115 00000041 FF                              	DB	-1
   116 00000042 00                              	DB	0
   117 00000043 FF                              	DB	-1
   118 00000044 FF                              	DB	-1
   119 00000045 FF                              	DB	-1
   120 00000046 FF                              	DB	-1
   121 00000047 FF                              	DB	-1
   122 00000048 C6                              	DB	-58
   123 00000049 C6                              	DB	-58
   124 0000004A C6                              	DB	-58
   125 0000004B 84                              	DB	-124
   126 0000004C 00                              	DB	0
   127 0000004D 00                              	DB	0
   128 0000004E 00                              	DB	0
   129 0000004F 84                              	DB	-124
   130 00000050 00                              	DB	0
   131 00000051 84                              	DB	-124
   132 00000052 84                              	DB	-124
   133 00000053 00                              	DB	0
   134 00000054 00                              	DB	0
   135 00000055 00                              	DB	0
   136 00000056 84                              	DB	-124
   137 00000057 84                              	DB	-124
   138 00000058 00                              	DB	0
   139 00000059 84                              	DB	-124
   140 0000005A 00                              	DB	0
   141 0000005B 84                              	DB	-124
   142 0000005C 84                              	DB	-124
   143 0000005D 84                              	DB	-124
   144 0000005E 84                              	DB	-124
   145 0000005F 84                              	DB	-124
   146                                          [SECTION .text]
   147 000000C1                                 	GLOBAL	_init_palette
   148 000000C1                                 _init_palette:
   149 000000C1 55                              	PUSH	EBP
   150 000000C2 89 E5                           	MOV	EBP,ESP
   151 000000C4 68 [00000030]                   	PUSH	_table_rgb.0
   152 000000C9 6A 0F                           	PUSH	15
   153 000000CB 6A 00                           	PUSH	0
   154 000000CD E8 00000002                     	CALL	_set_palette
   155 000000D2 C9                              	LEAVE
   156 000000D3 C3                              	RET
   157 000000D4                                 	GLOBAL	_set_palette
   158 000000D4                                 _set_palette:
   159 000000D4 55                              	PUSH	EBP
   160 000000D5 89 E5                           	MOV	EBP,ESP
   161 000000D7 57                              	PUSH	EDI
   162 000000D8 56                              	PUSH	ESI
   163 000000D9 53                              	PUSH	EBX
   164 000000DA 51                              	PUSH	ECX
   165 000000DB 8B 5D 08                        	MOV	EBX,DWORD [8+EBP]
   166 000000DE 8B 7D 0C                        	MOV	EDI,DWORD [12+EBP]
   167 000000E1 8B 75 10                        	MOV	ESI,DWORD [16+EBP]
   168 000000E4 E8 [00000000]                   	CALL	_io_load_eflags
   169 000000E9 89 45 F0                        	MOV	DWORD [-16+EBP],EAX
   170 000000EC E8 [00000000]                   	CALL	_io_cli
   171 000000F1 53                              	PUSH	EBX
   172 000000F2 68 000003C8                     	PUSH	968
   173 000000F7 E8 [00000000]                   	CALL	_io_out8
   174 000000FC 39 FB                           	CMP	EBX,EDI
   175 000000FE 58                              	POP	EAX
   176 000000FF 5A                              	POP	EDX
   177 00000100 7E 12                           	JLE	L11
   178 00000102                                 L13:
   179 00000102 8B 45 F0                        	MOV	EAX,DWORD [-16+EBP]
   180 00000105 89 45 08                        	MOV	DWORD [8+EBP],EAX
   181 00000108 8D 65 F4                        	LEA	ESP,DWORD [-12+EBP]
   182 0000010B 5B                              	POP	EBX
   183 0000010C 5E                              	POP	ESI
   184 0000010D 5F                              	POP	EDI
   185 0000010E 5D                              	POP	EBP
   186 0000010F E9 [00000000]                   	JMP	_io_store_eflags
   187 00000114                                 L11:
   188 00000114 8A 06                           	MOV	AL,BYTE [ESI]
   189 00000116 43                              	INC	EBX
   190 00000117 C0 E8 02                        	SHR	AL,2
   191 0000011A 0F B6 C0                        	MOVZX	EAX,AL
   192 0000011D 50                              	PUSH	EAX
   193 0000011E 68 000003C9                     	PUSH	969
   194 00000123 E8 [00000000]                   	CALL	_io_out8
   195 00000128 8A 46 01                        	MOV	AL,BYTE [1+ESI]
   196 0000012B C0 E8 02                        	SHR	AL,2
   197 0000012E 0F B6 C0                        	MOVZX	EAX,AL
   198 00000131 50                              	PUSH	EAX
   199 00000132 68 000003C9                     	PUSH	969
   200 00000137 E8 [00000000]                   	CALL	_io_out8
   201 0000013C 8A 46 02                        	MOV	AL,BYTE [2+ESI]
   202 0000013F C0 E8 02                        	SHR	AL,2
   203 00000142 83 C6 03                        	ADD	ESI,3
   204 00000145 0F B6 C0                        	MOVZX	EAX,AL
   205 00000148 50                              	PUSH	EAX
   206 00000149 68 000003C9                     	PUSH	969
   207 0000014E E8 [00000000]                   	CALL	_io_out8
   208 00000153 83 C4 18                        	ADD	ESP,24
   209 00000156 39 FB                           	CMP	EBX,EDI
   210 00000158 7E BA                           	JLE	L11
   211 0000015A EB A6                           	JMP	L13
   212 0000015C                                 	GLOBAL	_boxfill8
   213 0000015C                                 _boxfill8:
   214 0000015C 55                              	PUSH	EBP
   215 0000015D 89 E5                           	MOV	EBP,ESP
   216 0000015F 57                              	PUSH	EDI
   217 00000160 56                              	PUSH	ESI
   218 00000161 53                              	PUSH	EBX
   219 00000162 57                              	PUSH	EDI
   220 00000163 57                              	PUSH	EDI
   221 00000164 8A 45 10                        	MOV	AL,BYTE [16+EBP]
   222 00000167 8B 4D 18                        	MOV	ECX,DWORD [24+EBP]
   223 0000016A 8B 7D 1C                        	MOV	EDI,DWORD [28+EBP]
   224 0000016D 88 45 F3                        	MOV	BYTE [-13+EBP],AL
   225 00000170 3B 4D 20                        	CMP	ECX,DWORD [32+EBP]
   226 00000173 7F 31                           	JG	L26
   227 00000175 8B 5D 0C                        	MOV	EBX,DWORD [12+EBP]
   228 00000178 0F AF D9                        	IMUL	EBX,ECX
   229 0000017B                                 L24:
   230 0000017B 8B 55 14                        	MOV	EDX,DWORD [20+EBP]
   231 0000017E 39 FA                           	CMP	EDX,EDI
   232 00000180 7F 1B                           	JG	L28
   233 00000182 8B 75 08                        	MOV	ESI,DWORD [8+EBP]
   234 00000185 01 DE                           	ADD	ESI,EBX
   235 00000187 01 D6                           	ADD	ESI,EDX
   236 00000189 89 75 EC                        	MOV	DWORD [-20+EBP],ESI
   237 0000018C                                 L23:
   238 0000018C 8B 75 EC                        	MOV	ESI,DWORD [-20+EBP]
   239 0000018F 8A 45 F3                        	MOV	AL,BYTE [-13+EBP]
   240 00000192 42                              	INC	EDX
   241 00000193 88 06                           	MOV	BYTE [ESI],AL
   242 00000195 46                              	INC	ESI
   243 00000196 89 75 EC                        	MOV	DWORD [-20+EBP],ESI
   244 00000199 39 FA                           	CMP	EDX,EDI
   245 0000019B 7E EF                           	JLE	L23
   246 0000019D                                 L28:
   247 0000019D 41                              	INC	ECX
   248 0000019E 03 5D 0C                        	ADD	EBX,DWORD [12+EBP]
   249 000001A1 3B 4D 20                        	CMP	ECX,DWORD [32+EBP]
   250 000001A4 7E D5                           	JLE	L24
   251 000001A6                                 L26:
   252 000001A6 5B                              	POP	EBX
   253 000001A7 5E                              	POP	ESI
   254 000001A8 5B                              	POP	EBX
   255 000001A9 5E                              	POP	ESI
   256 000001AA 5F                              	POP	EDI
   257 000001AB 5D                              	POP	EBP
   258 000001AC C3                              	RET
   259 000001AD                                 	GLOBAL	_init_screen
   260 000001AD                                 _init_screen:
   261 000001AD 55                              	PUSH	EBP
   262 000001AE 89 E5                           	MOV	EBP,ESP
   263 000001B0 57                              	PUSH	EDI
   264 000001B1 56                              	PUSH	ESI
   265 000001B2 53                              	PUSH	EBX
   266 000001B3 83 EC 0C                        	SUB	ESP,12
   267 000001B6 8B 45 10                        	MOV	EAX,DWORD [16+EBP]
   268 000001B9 8B 7D 0C                        	MOV	EDI,DWORD [12+EBP]
   269 000001BC 83 E8 1D                        	SUB	EAX,29
   270 000001BF 4F                              	DEC	EDI
   271 000001C0 50                              	PUSH	EAX
   272 000001C1 57                              	PUSH	EDI
   273 000001C2 6A 00                           	PUSH	0
   274 000001C4 6A 00                           	PUSH	0
   275 000001C6 6A 0E                           	PUSH	14
   276 000001C8 FF 75 0C                        	PUSH	DWORD [12+EBP]
   277 000001CB FF 75 08                        	PUSH	DWORD [8+EBP]
   278 000001CE E8 FFFFFF89                     	CALL	_boxfill8
   279 000001D3 8B 45 10                        	MOV	EAX,DWORD [16+EBP]
   280 000001D6 83 E8 1C                        	SUB	EAX,28
   281 000001D9 50                              	PUSH	EAX
   282 000001DA 57                              	PUSH	EDI
   283 000001DB 50                              	PUSH	EAX
   284 000001DC 6A 00                           	PUSH	0
   285 000001DE 6A 08                           	PUSH	8
   286 000001E0 FF 75 0C                        	PUSH	DWORD [12+EBP]
   287 000001E3 FF 75 08                        	PUSH	DWORD [8+EBP]
   288 000001E6 E8 FFFFFF71                     	CALL	_boxfill8
   289 000001EB 8B 45 10                        	MOV	EAX,DWORD [16+EBP]
   290 000001EE 83 C4 38                        	ADD	ESP,56
   291 000001F1 83 E8 1B                        	SUB	EAX,27
   292 000001F4 50                              	PUSH	EAX
   293 000001F5 57                              	PUSH	EDI
   294 000001F6 50                              	PUSH	EAX
   295 000001F7 6A 00                           	PUSH	0
   296 000001F9 6A 07                           	PUSH	7
   297 000001FB FF 75 0C                        	PUSH	DWORD [12+EBP]
   298 000001FE FF 75 08                        	PUSH	DWORD [8+EBP]
   299 00000201 E8 FFFFFF56                     	CALL	_boxfill8
   300 00000206 8B 45 10                        	MOV	EAX,DWORD [16+EBP]
   301 00000209 48                              	DEC	EAX
   302 0000020A 50                              	PUSH	EAX
   303 0000020B 8B 45 10                        	MOV	EAX,DWORD [16+EBP]
   304 0000020E 57                              	PUSH	EDI
   305 0000020F 83 E8 1A                        	SUB	EAX,26
   306 00000212 50                              	PUSH	EAX
   307 00000213 6A 00                           	PUSH	0
   308 00000215 6A 08                           	PUSH	8
   309 00000217 FF 75 0C                        	PUSH	DWORD [12+EBP]
   310 0000021A FF 75 08                        	PUSH	DWORD [8+EBP]
   311 0000021D E8 FFFFFF3A                     	CALL	_boxfill8
   312 00000222 8B 75 10                        	MOV	ESI,DWORD [16+EBP]
   313 00000225 83 C4 38                        	ADD	ESP,56
   314 00000228 83 EE 18                        	SUB	ESI,24
   315 0000022B 56                              	PUSH	ESI
   316 0000022C 6A 3B                           	PUSH	59
   317 0000022E 56                              	PUSH	ESI
   318 0000022F 6A 03                           	PUSH	3
   319 00000231 6A 07                           	PUSH	7
   320 00000233 FF 75 0C                        	PUSH	DWORD [12+EBP]
   321 00000236 FF 75 08                        	PUSH	DWORD [8+EBP]
   322 00000239 E8 FFFFFF1E                     	CALL	_boxfill8
   323 0000023E 8B 45 10                        	MOV	EAX,DWORD [16+EBP]
   324 00000241 83 E8 04                        	SUB	EAX,4
   325 00000244 50                              	PUSH	EAX
   326 00000245 89 45 F0                        	MOV	DWORD [-16+EBP],EAX
   327 00000248 6A 02                           	PUSH	2
   328 0000024A 56                              	PUSH	ESI
   329 0000024B 6A 02                           	PUSH	2
   330 0000024D 6A 07                           	PUSH	7
   331 0000024F FF 75 0C                        	PUSH	DWORD [12+EBP]
   332 00000252 FF 75 08                        	PUSH	DWORD [8+EBP]
   333 00000255 E8 FFFFFF02                     	CALL	_boxfill8
   334 0000025A 83 C4 38                        	ADD	ESP,56
   335 0000025D FF 75 F0                        	PUSH	DWORD [-16+EBP]
   336 00000260 6A 3B                           	PUSH	59
   337 00000262 FF 75 F0                        	PUSH	DWORD [-16+EBP]
   338 00000265 6A 03                           	PUSH	3
   339 00000267 6A 0F                           	PUSH	15
   340 00000269 FF 75 0C                        	PUSH	DWORD [12+EBP]
   341 0000026C FF 75 08                        	PUSH	DWORD [8+EBP]
   342 0000026F E8 FFFFFEE8                     	CALL	_boxfill8
   343 00000274 8B 45 10                        	MOV	EAX,DWORD [16+EBP]
   344 00000277 83 E8 05                        	SUB	EAX,5
   345 0000027A 50                              	PUSH	EAX
   346 0000027B 8B 45 10                        	MOV	EAX,DWORD [16+EBP]
   347 0000027E 6A 3B                           	PUSH	59
   348 00000280 83 E8 17                        	SUB	EAX,23
   349 00000283 50                              	PUSH	EAX
   350 00000284 89 45 EC                        	MOV	DWORD [-20+EBP],EAX
   351 00000287 6A 3B                           	PUSH	59
   352 00000289 6A 0F                           	PUSH	15
   353 0000028B FF 75 0C                        	PUSH	DWORD [12+EBP]
   354 0000028E FF 75 08                        	PUSH	DWORD [8+EBP]
   355 00000291 E8 FFFFFEC6                     	CALL	_boxfill8
   356 00000296 8B 45 10                        	MOV	EAX,DWORD [16+EBP]
   357 00000299 83 C4 38                        	ADD	ESP,56
   358 0000029C 83 E8 03                        	SUB	EAX,3
   359 0000029F 89 45 E8                        	MOV	DWORD [-24+EBP],EAX
   360 000002A2 50                              	PUSH	EAX
   361 000002A3 6A 3B                           	PUSH	59
   362 000002A5 50                              	PUSH	EAX
   363 000002A6 6A 02                           	PUSH	2
   364 000002A8 6A 00                           	PUSH	0
   365 000002AA FF 75 0C                        	PUSH	DWORD [12+EBP]
   366 000002AD FF 75 08                        	PUSH	DWORD [8+EBP]
   367 000002B0 E8 FFFFFEA7                     	CALL	_boxfill8
   368 000002B5 FF 75 E8                        	PUSH	DWORD [-24+EBP]
   369 000002B8 6A 3C                           	PUSH	60
   370 000002BA 56                              	PUSH	ESI
   371 000002BB 6A 3C                           	PUSH	60
   372 000002BD 6A 00                           	PUSH	0
   373 000002BF FF 75 0C                        	PUSH	DWORD [12+EBP]
   374 000002C2 FF 75 08                        	PUSH	DWORD [8+EBP]
   375 000002C5 E8 FFFFFE92                     	CALL	_boxfill8
   376 000002CA 8B 7D 0C                        	MOV	EDI,DWORD [12+EBP]
   377 000002CD 83 C4 38                        	ADD	ESP,56
   378 000002D0 8B 5D 0C                        	MOV	EBX,DWORD [12+EBP]
   379 000002D3 83 EB 04                        	SUB	EBX,4
   380 000002D6 83 EF 2F                        	SUB	EDI,47
   381 000002D9 56                              	PUSH	ESI
   382 000002DA 53                              	PUSH	EBX
   383 000002DB 56                              	PUSH	ESI
   384 000002DC 57                              	PUSH	EDI
   385 000002DD 6A 0F                           	PUSH	15
   386 000002DF FF 75 0C                        	PUSH	DWORD [12+EBP]
   387 000002E2 FF 75 08                        	PUSH	DWORD [8+EBP]
   388 000002E5 E8 FFFFFE72                     	CALL	_boxfill8
   389 000002EA FF 75 F0                        	PUSH	DWORD [-16+EBP]
   390 000002ED 57                              	PUSH	EDI
   391 000002EE FF 75 EC                        	PUSH	DWORD [-20+EBP]
   392 000002F1 57                              	PUSH	EDI
   393 000002F2 6A 0F                           	PUSH	15
   394 000002F4 FF 75 0C                        	PUSH	DWORD [12+EBP]
   395 000002F7 FF 75 08                        	PUSH	DWORD [8+EBP]
   396 000002FA E8 FFFFFE5D                     	CALL	_boxfill8
   397 000002FF 83 C4 38                        	ADD	ESP,56
   398 00000302 FF 75 E8                        	PUSH	DWORD [-24+EBP]
   399 00000305 53                              	PUSH	EBX
   400 00000306 FF 75 E8                        	PUSH	DWORD [-24+EBP]
   401 00000309 57                              	PUSH	EDI
   402 0000030A 6A 07                           	PUSH	7
   403 0000030C FF 75 0C                        	PUSH	DWORD [12+EBP]
   404 0000030F FF 75 08                        	PUSH	DWORD [8+EBP]
   405 00000312 E8 FFFFFE45                     	CALL	_boxfill8
   406 00000317 8B 45 0C                        	MOV	EAX,DWORD [12+EBP]
   407 0000031A FF 75 E8                        	PUSH	DWORD [-24+EBP]
   408 0000031D 83 E8 03                        	SUB	EAX,3
   409 00000320 50                              	PUSH	EAX
   410 00000321 56                              	PUSH	ESI
   411 00000322 50                              	PUSH	EAX
   412 00000323 6A 07                           	PUSH	7
   413 00000325 FF 75 0C                        	PUSH	DWORD [12+EBP]
   414 00000328 FF 75 08                        	PUSH	DWORD [8+EBP]
   415 0000032B E8 FFFFFE2C                     	CALL	_boxfill8
   416 00000330 8D 65 F4                        	LEA	ESP,DWORD [-12+EBP]
   417 00000333 5B                              	POP	EBX
   418 00000334 5E                              	POP	ESI
   419 00000335 5F                              	POP	EDI
   420 00000336 5D                              	POP	EBP
   421 00000337 C3                              	RET
   422 00000338                                 	GLOBAL	_putfont8
   423 00000338                                 _putfont8:
   424 00000338 55                              	PUSH	EBP
   425 00000339 89 E5                           	MOV	EBP,ESP
   426 0000033B 57                              	PUSH	EDI
   427 0000033C 56                              	PUSH	ESI
   428 0000033D 31 F6                           	XOR	ESI,ESI
   429 0000033F 53                              	PUSH	EBX
   430 00000340 8B 7D 1C                        	MOV	EDI,DWORD [28+EBP]
   431 00000343 8A 5D 18                        	MOV	BL,BYTE [24+EBP]
   432 00000346                                 L43:
   433 00000346 8B 45 14                        	MOV	EAX,DWORD [20+EBP]
   434 00000349 8B 55 10                        	MOV	EDX,DWORD [16+EBP]
   435 0000034C 01 F0                           	ADD	EAX,ESI
   436 0000034E 0F AF 45 0C                     	IMUL	EAX,DWORD [12+EBP]
   437 00000352 03 45 08                        	ADD	EAX,DWORD [8+EBP]
   438 00000355 8D 0C 02                        	LEA	ECX,DWORD [EDX+EAX*1]
   439 00000358 8A 14 3E                        	MOV	DL,BYTE [ESI+EDI*1]
   440 0000035B 84 D2                           	TEST	DL,DL
   441 0000035D 79 02                           	JNS	L35
   442 0000035F 88 19                           	MOV	BYTE [ECX],BL
   443 00000361                                 L35:
   444 00000361 88 D0                           	MOV	AL,DL
   445 00000363 83 E0 40                        	AND	EAX,64
   446 00000366 84 C0                           	TEST	AL,AL
   447 00000368 74 03                           	JE	L36
   448 0000036A 88 59 01                        	MOV	BYTE [1+ECX],BL
   449 0000036D                                 L36:
   450 0000036D 88 D0                           	MOV	AL,DL
   451 0000036F 83 E0 20                        	AND	EAX,32
   452 00000372 84 C0                           	TEST	AL,AL
   453 00000374 74 03                           	JE	L37
   454 00000376 88 59 02                        	MOV	BYTE [2+ECX],BL
   455 00000379                                 L37:
   456 00000379 88 D0                           	MOV	AL,DL
   457 0000037B 83 E0 10                        	AND	EAX,16
   458 0000037E 84 C0                           	TEST	AL,AL
   459 00000380 74 03                           	JE	L38
   460 00000382 88 59 03                        	MOV	BYTE [3+ECX],BL
   461 00000385                                 L38:
   462 00000385 88 D0                           	MOV	AL,DL
   463 00000387 83 E0 08                        	AND	EAX,8
   464 0000038A 84 C0                           	TEST	AL,AL
   465 0000038C 74 03                           	JE	L39
   466 0000038E 88 59 04                        	MOV	BYTE [4+ECX],BL
   467 00000391                                 L39:
   468 00000391 88 D0                           	MOV	AL,DL
   469 00000393 83 E0 04                        	AND	EAX,4
   470 00000396 84 C0                           	TEST	AL,AL
   471 00000398 74 03                           	JE	L40
   472 0000039A 88 59 05                        	MOV	BYTE [5+ECX],BL
   473 0000039D                                 L40:
   474 0000039D 88 D0                           	MOV	AL,DL
   475 0000039F 83 E0 02                        	AND	EAX,2
   476 000003A2 84 C0                           	TEST	AL,AL
   477 000003A4 74 03                           	JE	L41
   478 000003A6 88 59 06                        	MOV	BYTE [6+ECX],BL
   479 000003A9                                 L41:
   480 000003A9 83 E2 01                        	AND	EDX,1
   481 000003AC 84 D2                           	TEST	DL,DL
   482 000003AE 74 03                           	JE	L33
   483 000003B0 88 59 07                        	MOV	BYTE [7+ECX],BL
   484 000003B3                                 L33:
   485 000003B3 46                              	INC	ESI
   486 000003B4 83 FE 0F                        	CMP	ESI,15
   487 000003B7 7E 8D                           	JLE	L43
   488 000003B9 5B                              	POP	EBX
   489 000003BA 5E                              	POP	ESI
   490 000003BB 5F                              	POP	EDI
   491 000003BC 5D                              	POP	EBP
   492 000003BD C3                              	RET
   493 000003BE                                 	GLOBAL	_putfonts8_asc
   494 000003BE                                 _putfonts8_asc:
   495 000003BE 55                              	PUSH	EBP
   496 000003BF 89 E5                           	MOV	EBP,ESP
   497 000003C1 57                              	PUSH	EDI
   498 000003C2 56                              	PUSH	ESI
   499 000003C3 53                              	PUSH	EBX
   500 000003C4 50                              	PUSH	EAX
   501 000003C5 8B 5D 1C                        	MOV	EBX,DWORD [28+EBP]
   502 000003C8 8A 45 18                        	MOV	AL,BYTE [24+EBP]
   503 000003CB 88 45 F3                        	MOV	BYTE [-13+EBP],AL
   504 000003CE 8B 75 10                        	MOV	ESI,DWORD [16+EBP]
   505 000003D1 8B 7D 14                        	MOV	EDI,DWORD [20+EBP]
   506 000003D4 80 3B 00                        	CMP	BYTE [EBX],0
   507 000003D7 75 08                           	JNE	L51
   508 000003D9                                 L53:
   509 000003D9 8D 65 F4                        	LEA	ESP,DWORD [-12+EBP]
   510 000003DC 5B                              	POP	EBX
   511 000003DD 5E                              	POP	ESI
   512 000003DE 5F                              	POP	EDI
   513 000003DF 5D                              	POP	EBP
   514 000003E0 C3                              	RET
   515 000003E1                                 L51:
   516 000003E1 0F B6 03                        	MOVZX	EAX,BYTE [EBX]
   517 000003E4 C1 E0 04                        	SAL	EAX,4
   518 000003E7 43                              	INC	EBX
   519 000003E8 05 [00000000]                   	ADD	EAX,_hankaku
   520 000003ED 50                              	PUSH	EAX
   521 000003EE 0F BE 45 F3                     	MOVSX	EAX,BYTE [-13+EBP]
   522 000003F2 50                              	PUSH	EAX
   523 000003F3 57                              	PUSH	EDI
   524 000003F4 56                              	PUSH	ESI
   525 000003F5 83 C6 08                        	ADD	ESI,8
   526 000003F8 FF 75 0C                        	PUSH	DWORD [12+EBP]
   527 000003FB FF 75 08                        	PUSH	DWORD [8+EBP]
   528 000003FE E8 FFFFFF35                     	CALL	_putfont8
   529 00000403 83 C4 18                        	ADD	ESP,24
   530 00000406 80 3B 00                        	CMP	BYTE [EBX],0
   531 00000409 75 D6                           	JNE	L51
   532 0000040B EB CC                           	JMP	L53
