     1 00000000                                 [FORMAT "WCOFF"]
     2 00000000                                 [INSTRSET "i486p"]
     3 00000000                                 [OPTIMIZE 1]
     4 00000000                                 [OPTION 1]
     5 00000000                                 [BITS 32]
     6 00000000                                 	EXTERN	_sprintf
     7 00000000                                 	EXTERN	_io_hlt
     8 00000000                                 	EXTERN	_io_load_eflags
     9 00000000                                 	EXTERN	_io_cli
    10 00000000                                 	EXTERN	_io_out8
    11 00000000                                 	EXTERN	_io_store_eflags
    12 00000000                                 	EXTERN	_hankaku
    13 00000000                                 [FILE "bootpack.c"]
    14                                          [SECTION .data]
    15 00000000                                 _font_A:
    16 00000000 00                              	DB	0
    17 00000001 18                              	DB	24
    18 00000002 18                              	DB	24
    19 00000003 18                              	DB	24
    20 00000004 18                              	DB	24
    21 00000005 24                              	DB	36
    22 00000006 24                              	DB	36
    23 00000007 24                              	DB	36
    24 00000008 24                              	DB	36
    25 00000009 7E                              	DB	126
    26 0000000A 42                              	DB	66
    27 0000000B 42                              	DB	66
    28 0000000C 42                              	DB	66
    29 0000000D E7                              	DB	-25
    30 0000000E 00                              	DB	0
    31 0000000F 00                              	DB	0
    32 00000010                                 LC0:
    33 00000010 28 25 64 2C 20 25 64 29 00      	DB	"(%d, %d)",0x00
    34                                          [SECTION .text]
    35 00000000                                 	GLOBAL	_HariMain
    36 00000000                                 _HariMain:
    37 00000000 55                              	PUSH	EBP
    38 00000001 89 E5                           	MOV	EBP,ESP
    39 00000003 57                              	PUSH	EDI
    40 00000004 56                              	PUSH	ESI
    41 00000005 53                              	PUSH	EBX
    42 00000006 8D 9D FFFFFEC4                  	LEA	EBX,DWORD [-316+EBP]
    43 0000000C 81 EC 00000130                  	SUB	ESP,304
    44 00000012 E8 0000009D                     	CALL	_init_palette
    45 00000017 0F BF 05 00000FF6               	MOVSX	EAX,WORD [4086]
    46 0000001E 50                              	PUSH	EAX
    47 0000001F 0F BF 05 00000FF4               	MOVSX	EAX,WORD [4084]
    48 00000026 50                              	PUSH	EAX
    49 00000027 FF 35 00000FF8                  	PUSH	DWORD [4088]
    50 0000002D E8 0000016E                     	CALL	_init_screen8
    51 00000032 B9 00000002                     	MOV	ECX,2
    52 00000037 0F BF 05 00000FF4               	MOVSX	EAX,WORD [4084]
    53 0000003E 8D 50 F0                        	LEA	EDX,DWORD [-16+EAX]
    54 00000041 89 D0                           	MOV	EAX,EDX
    55 00000043 99                              	CDQ
    56 00000044 F7 F9                           	IDIV	ECX
    57 00000046 0F BF 15 00000FF6               	MOVSX	EDX,WORD [4086]
    58 0000004D 83 EA 10                        	SUB	EDX,16
    59 00000050 89 C7                           	MOV	EDI,EAX
    60 00000052 89 D0                           	MOV	EAX,EDX
    61 00000054 6A 0E                           	PUSH	14
    62 00000056 99                              	CDQ
    63 00000057 F7 F9                           	IDIV	ECX
    64 00000059 53                              	PUSH	EBX
    65 0000005A 89 C6                           	MOV	ESI,EAX
    66 0000005C E8 0000039F                     	CALL	_init_mouse_cursor8
    67 00000061 6A 10                           	PUSH	16
    68 00000063 53                              	PUSH	EBX
    69 00000064 8D 5D C4                        	LEA	EBX,DWORD [-60+EBP]
    70 00000067 56                              	PUSH	ESI
    71 00000068 57                              	PUSH	EDI
    72 00000069 6A 10                           	PUSH	16
    73 0000006B 6A 10                           	PUSH	16
    74 0000006D 0F BF 05 00000FF4               	MOVSX	EAX,WORD [4084]
    75 00000074 50                              	PUSH	EAX
    76 00000075 FF 35 00000FF8                  	PUSH	DWORD [4088]
    77 0000007B E8 000003DD                     	CALL	_putblock8_8
    78 00000080 83 C4 34                        	ADD	ESP,52
    79 00000083 56                              	PUSH	ESI
    80 00000084 57                              	PUSH	EDI
    81 00000085 68 [00000010]                   	PUSH	LC0
    82 0000008A 53                              	PUSH	EBX
    83 0000008B E8 [00000000]                   	CALL	_sprintf
    84 00000090 53                              	PUSH	EBX
    85 00000091 6A 07                           	PUSH	7
    86 00000093 6A 00                           	PUSH	0
    87 00000095 6A 00                           	PUSH	0
    88 00000097 0F BF 05 00000FF4               	MOVSX	EAX,WORD [4084]
    89 0000009E 50                              	PUSH	EAX
    90 0000009F FF 35 00000FF8                  	PUSH	DWORD [4088]
    91 000000A5 E8 00000307                     	CALL	_putfonts8_asc
    92 000000AA 83 C4 28                        	ADD	ESP,40
    93 000000AD                                 L2:
    94 000000AD E8 [00000000]                   	CALL	_io_hlt
    95 000000B2 EB F9                           	JMP	L2
    96                                          [SECTION .data]
    97 00000019                                 _table_rgb.0:
    98 00000019 00                              	DB	0
    99 0000001A 00                              	DB	0
   100 0000001B 00                              	DB	0
   101 0000001C FF                              	DB	-1
   102 0000001D 00                              	DB	0
   103 0000001E 00                              	DB	0
   104 0000001F 00                              	DB	0
   105 00000020 FF                              	DB	-1
   106 00000021 00                              	DB	0
   107 00000022 FF                              	DB	-1
   108 00000023 FF                              	DB	-1
   109 00000024 00                              	DB	0
   110 00000025 00                              	DB	0
   111 00000026 00                              	DB	0
   112 00000027 FF                              	DB	-1
   113 00000028 FF                              	DB	-1
   114 00000029 00                              	DB	0
   115 0000002A FF                              	DB	-1
   116 0000002B 00                              	DB	0
   117 0000002C FF                              	DB	-1
   118 0000002D FF                              	DB	-1
   119 0000002E FF                              	DB	-1
   120 0000002F FF                              	DB	-1
   121 00000030 FF                              	DB	-1
   122 00000031 C6                              	DB	-58
   123 00000032 C6                              	DB	-58
   124 00000033 C6                              	DB	-58
   125 00000034 84                              	DB	-124
   126 00000035 00                              	DB	0
   127 00000036 00                              	DB	0
   128 00000037 00                              	DB	0
   129 00000038 84                              	DB	-124
   130 00000039 00                              	DB	0
   131 0000003A 84                              	DB	-124
   132 0000003B 84                              	DB	-124
   133 0000003C 00                              	DB	0
   134 0000003D 00                              	DB	0
   135 0000003E 00                              	DB	0
   136 0000003F 84                              	DB	-124
   137 00000040 84                              	DB	-124
   138 00000041 00                              	DB	0
   139 00000042 84                              	DB	-124
   140 00000043 00                              	DB	0
   141 00000044 84                              	DB	-124
   142 00000045 84                              	DB	-124
   143 00000046 84                              	DB	-124
   144 00000047 84                              	DB	-124
   145 00000048 84                              	DB	-124
   146                                          [SECTION .text]
   147 000000B4                                 	GLOBAL	_init_palette
   148 000000B4                                 _init_palette:
   149 000000B4 55                              	PUSH	EBP
   150 000000B5 89 E5                           	MOV	EBP,ESP
   151 000000B7 68 [00000019]                   	PUSH	_table_rgb.0
   152 000000BC 6A 0F                           	PUSH	15
   153 000000BE 6A 00                           	PUSH	0
   154 000000C0 E8 00000002                     	CALL	_set_palette
   155 000000C5 C9                              	LEAVE
   156 000000C6 C3                              	RET
   157 000000C7                                 	GLOBAL	_set_palette
   158 000000C7                                 _set_palette:
   159 000000C7 55                              	PUSH	EBP
   160 000000C8 89 E5                           	MOV	EBP,ESP
   161 000000CA 57                              	PUSH	EDI
   162 000000CB 56                              	PUSH	ESI
   163 000000CC 53                              	PUSH	EBX
   164 000000CD 51                              	PUSH	ECX
   165 000000CE 8B 5D 08                        	MOV	EBX,DWORD [8+EBP]
   166 000000D1 8B 7D 0C                        	MOV	EDI,DWORD [12+EBP]
   167 000000D4 8B 75 10                        	MOV	ESI,DWORD [16+EBP]
   168 000000D7 E8 [00000000]                   	CALL	_io_load_eflags
   169 000000DC 89 45 F0                        	MOV	DWORD [-16+EBP],EAX
   170 000000DF E8 [00000000]                   	CALL	_io_cli
   171 000000E4 53                              	PUSH	EBX
   172 000000E5 68 000003C8                     	PUSH	968
   173 000000EA E8 [00000000]                   	CALL	_io_out8
   174 000000EF 39 FB                           	CMP	EBX,EDI
   175 000000F1 58                              	POP	EAX
   176 000000F2 5A                              	POP	EDX
   177 000000F3 7E 12                           	JLE	L11
   178 000000F5                                 L13:
   179 000000F5 8B 45 F0                        	MOV	EAX,DWORD [-16+EBP]
   180 000000F8 89 45 08                        	MOV	DWORD [8+EBP],EAX
   181 000000FB 8D 65 F4                        	LEA	ESP,DWORD [-12+EBP]
   182 000000FE 5B                              	POP	EBX
   183 000000FF 5E                              	POP	ESI
   184 00000100 5F                              	POP	EDI
   185 00000101 5D                              	POP	EBP
   186 00000102 E9 [00000000]                   	JMP	_io_store_eflags
   187 00000107                                 L11:
   188 00000107 8A 06                           	MOV	AL,BYTE [ESI]
   189 00000109 43                              	INC	EBX
   190 0000010A C0 E8 02                        	SHR	AL,2
   191 0000010D 0F B6 C0                        	MOVZX	EAX,AL
   192 00000110 50                              	PUSH	EAX
   193 00000111 68 000003C9                     	PUSH	969
   194 00000116 E8 [00000000]                   	CALL	_io_out8
   195 0000011B 8A 46 01                        	MOV	AL,BYTE [1+ESI]
   196 0000011E C0 E8 02                        	SHR	AL,2
   197 00000121 0F B6 C0                        	MOVZX	EAX,AL
   198 00000124 50                              	PUSH	EAX
   199 00000125 68 000003C9                     	PUSH	969
   200 0000012A E8 [00000000]                   	CALL	_io_out8
   201 0000012F 8A 46 02                        	MOV	AL,BYTE [2+ESI]
   202 00000132 C0 E8 02                        	SHR	AL,2
   203 00000135 83 C6 03                        	ADD	ESI,3
   204 00000138 0F B6 C0                        	MOVZX	EAX,AL
   205 0000013B 50                              	PUSH	EAX
   206 0000013C 68 000003C9                     	PUSH	969
   207 00000141 E8 [00000000]                   	CALL	_io_out8
   208 00000146 83 C4 18                        	ADD	ESP,24
   209 00000149 39 FB                           	CMP	EBX,EDI
   210 0000014B 7E BA                           	JLE	L11
   211 0000014D EB A6                           	JMP	L13
   212 0000014F                                 	GLOBAL	_boxfill8
   213 0000014F                                 _boxfill8:
   214 0000014F 55                              	PUSH	EBP
   215 00000150 89 E5                           	MOV	EBP,ESP
   216 00000152 57                              	PUSH	EDI
   217 00000153 56                              	PUSH	ESI
   218 00000154 53                              	PUSH	EBX
   219 00000155 57                              	PUSH	EDI
   220 00000156 57                              	PUSH	EDI
   221 00000157 8A 45 10                        	MOV	AL,BYTE [16+EBP]
   222 0000015A 8B 4D 18                        	MOV	ECX,DWORD [24+EBP]
   223 0000015D 8B 7D 1C                        	MOV	EDI,DWORD [28+EBP]
   224 00000160 88 45 F3                        	MOV	BYTE [-13+EBP],AL
   225 00000163 3B 4D 20                        	CMP	ECX,DWORD [32+EBP]
   226 00000166 7F 31                           	JG	L26
   227 00000168 8B 5D 0C                        	MOV	EBX,DWORD [12+EBP]
   228 0000016B 0F AF D9                        	IMUL	EBX,ECX
   229 0000016E                                 L24:
   230 0000016E 8B 55 14                        	MOV	EDX,DWORD [20+EBP]
   231 00000171 39 FA                           	CMP	EDX,EDI
   232 00000173 7F 1B                           	JG	L28
   233 00000175 8B 75 08                        	MOV	ESI,DWORD [8+EBP]
   234 00000178 01 DE                           	ADD	ESI,EBX
   235 0000017A 01 D6                           	ADD	ESI,EDX
   236 0000017C 89 75 EC                        	MOV	DWORD [-20+EBP],ESI
   237 0000017F                                 L23:
   238 0000017F 8B 75 EC                        	MOV	ESI,DWORD [-20+EBP]
   239 00000182 8A 45 F3                        	MOV	AL,BYTE [-13+EBP]
   240 00000185 42                              	INC	EDX
   241 00000186 88 06                           	MOV	BYTE [ESI],AL
   242 00000188 46                              	INC	ESI
   243 00000189 89 75 EC                        	MOV	DWORD [-20+EBP],ESI
   244 0000018C 39 FA                           	CMP	EDX,EDI
   245 0000018E 7E EF                           	JLE	L23
   246 00000190                                 L28:
   247 00000190 41                              	INC	ECX
   248 00000191 03 5D 0C                        	ADD	EBX,DWORD [12+EBP]
   249 00000194 3B 4D 20                        	CMP	ECX,DWORD [32+EBP]
   250 00000197 7E D5                           	JLE	L24
   251 00000199                                 L26:
   252 00000199 5B                              	POP	EBX
   253 0000019A 5E                              	POP	ESI
   254 0000019B 5B                              	POP	EBX
   255 0000019C 5E                              	POP	ESI
   256 0000019D 5F                              	POP	EDI
   257 0000019E 5D                              	POP	EBP
   258 0000019F C3                              	RET
   259 000001A0                                 	GLOBAL	_init_screen8
   260 000001A0                                 _init_screen8:
   261 000001A0 55                              	PUSH	EBP
   262 000001A1 89 E5                           	MOV	EBP,ESP
   263 000001A3 57                              	PUSH	EDI
   264 000001A4 56                              	PUSH	ESI
   265 000001A5 53                              	PUSH	EBX
   266 000001A6 83 EC 0C                        	SUB	ESP,12
   267 000001A9 8B 45 10                        	MOV	EAX,DWORD [16+EBP]
   268 000001AC 8B 7D 0C                        	MOV	EDI,DWORD [12+EBP]
   269 000001AF 83 E8 1D                        	SUB	EAX,29
   270 000001B2 4F                              	DEC	EDI
   271 000001B3 50                              	PUSH	EAX
   272 000001B4 57                              	PUSH	EDI
   273 000001B5 6A 00                           	PUSH	0
   274 000001B7 6A 00                           	PUSH	0
   275 000001B9 6A 0E                           	PUSH	14
   276 000001BB FF 75 0C                        	PUSH	DWORD [12+EBP]
   277 000001BE FF 75 08                        	PUSH	DWORD [8+EBP]
   278 000001C1 E8 FFFFFF89                     	CALL	_boxfill8
   279 000001C6 8B 45 10                        	MOV	EAX,DWORD [16+EBP]
   280 000001C9 83 E8 1C                        	SUB	EAX,28
   281 000001CC 50                              	PUSH	EAX
   282 000001CD 57                              	PUSH	EDI
   283 000001CE 50                              	PUSH	EAX
   284 000001CF 6A 00                           	PUSH	0
   285 000001D1 6A 08                           	PUSH	8
   286 000001D3 FF 75 0C                        	PUSH	DWORD [12+EBP]
   287 000001D6 FF 75 08                        	PUSH	DWORD [8+EBP]
   288 000001D9 E8 FFFFFF71                     	CALL	_boxfill8
   289 000001DE 8B 45 10                        	MOV	EAX,DWORD [16+EBP]
   290 000001E1 83 C4 38                        	ADD	ESP,56
   291 000001E4 83 E8 1B                        	SUB	EAX,27
   292 000001E7 50                              	PUSH	EAX
   293 000001E8 57                              	PUSH	EDI
   294 000001E9 50                              	PUSH	EAX
   295 000001EA 6A 00                           	PUSH	0
   296 000001EC 6A 07                           	PUSH	7
   297 000001EE FF 75 0C                        	PUSH	DWORD [12+EBP]
   298 000001F1 FF 75 08                        	PUSH	DWORD [8+EBP]
   299 000001F4 E8 FFFFFF56                     	CALL	_boxfill8
   300 000001F9 8B 45 10                        	MOV	EAX,DWORD [16+EBP]
   301 000001FC 48                              	DEC	EAX
   302 000001FD 50                              	PUSH	EAX
   303 000001FE 8B 45 10                        	MOV	EAX,DWORD [16+EBP]
   304 00000201 57                              	PUSH	EDI
   305 00000202 83 E8 1A                        	SUB	EAX,26
   306 00000205 50                              	PUSH	EAX
   307 00000206 6A 00                           	PUSH	0
   308 00000208 6A 08                           	PUSH	8
   309 0000020A FF 75 0C                        	PUSH	DWORD [12+EBP]
   310 0000020D FF 75 08                        	PUSH	DWORD [8+EBP]
   311 00000210 E8 FFFFFF3A                     	CALL	_boxfill8
   312 00000215 8B 75 10                        	MOV	ESI,DWORD [16+EBP]
   313 00000218 83 C4 38                        	ADD	ESP,56
   314 0000021B 83 EE 18                        	SUB	ESI,24
   315 0000021E 56                              	PUSH	ESI
   316 0000021F 6A 3B                           	PUSH	59
   317 00000221 56                              	PUSH	ESI
   318 00000222 6A 03                           	PUSH	3
   319 00000224 6A 07                           	PUSH	7
   320 00000226 FF 75 0C                        	PUSH	DWORD [12+EBP]
   321 00000229 FF 75 08                        	PUSH	DWORD [8+EBP]
   322 0000022C E8 FFFFFF1E                     	CALL	_boxfill8
   323 00000231 8B 45 10                        	MOV	EAX,DWORD [16+EBP]
   324 00000234 83 E8 04                        	SUB	EAX,4
   325 00000237 50                              	PUSH	EAX
   326 00000238 89 45 F0                        	MOV	DWORD [-16+EBP],EAX
   327 0000023B 6A 02                           	PUSH	2
   328 0000023D 56                              	PUSH	ESI
   329 0000023E 6A 02                           	PUSH	2
   330 00000240 6A 07                           	PUSH	7
   331 00000242 FF 75 0C                        	PUSH	DWORD [12+EBP]
   332 00000245 FF 75 08                        	PUSH	DWORD [8+EBP]
   333 00000248 E8 FFFFFF02                     	CALL	_boxfill8
   334 0000024D 83 C4 38                        	ADD	ESP,56
   335 00000250 FF 75 F0                        	PUSH	DWORD [-16+EBP]
   336 00000253 6A 3B                           	PUSH	59
   337 00000255 FF 75 F0                        	PUSH	DWORD [-16+EBP]
   338 00000258 6A 03                           	PUSH	3
   339 0000025A 6A 0F                           	PUSH	15
   340 0000025C FF 75 0C                        	PUSH	DWORD [12+EBP]
   341 0000025F FF 75 08                        	PUSH	DWORD [8+EBP]
   342 00000262 E8 FFFFFEE8                     	CALL	_boxfill8
   343 00000267 8B 45 10                        	MOV	EAX,DWORD [16+EBP]
   344 0000026A 83 E8 05                        	SUB	EAX,5
   345 0000026D 50                              	PUSH	EAX
   346 0000026E 8B 45 10                        	MOV	EAX,DWORD [16+EBP]
   347 00000271 6A 3B                           	PUSH	59
   348 00000273 83 E8 17                        	SUB	EAX,23
   349 00000276 50                              	PUSH	EAX
   350 00000277 89 45 EC                        	MOV	DWORD [-20+EBP],EAX
   351 0000027A 6A 3B                           	PUSH	59
   352 0000027C 6A 0F                           	PUSH	15
   353 0000027E FF 75 0C                        	PUSH	DWORD [12+EBP]
   354 00000281 FF 75 08                        	PUSH	DWORD [8+EBP]
   355 00000284 E8 FFFFFEC6                     	CALL	_boxfill8
   356 00000289 8B 45 10                        	MOV	EAX,DWORD [16+EBP]
   357 0000028C 83 C4 38                        	ADD	ESP,56
   358 0000028F 83 E8 03                        	SUB	EAX,3
   359 00000292 89 45 E8                        	MOV	DWORD [-24+EBP],EAX
   360 00000295 50                              	PUSH	EAX
   361 00000296 6A 3B                           	PUSH	59
   362 00000298 50                              	PUSH	EAX
   363 00000299 6A 02                           	PUSH	2
   364 0000029B 6A 00                           	PUSH	0
   365 0000029D FF 75 0C                        	PUSH	DWORD [12+EBP]
   366 000002A0 FF 75 08                        	PUSH	DWORD [8+EBP]
   367 000002A3 E8 FFFFFEA7                     	CALL	_boxfill8
   368 000002A8 FF 75 E8                        	PUSH	DWORD [-24+EBP]
   369 000002AB 6A 3C                           	PUSH	60
   370 000002AD 56                              	PUSH	ESI
   371 000002AE 6A 3C                           	PUSH	60
   372 000002B0 6A 00                           	PUSH	0
   373 000002B2 FF 75 0C                        	PUSH	DWORD [12+EBP]
   374 000002B5 FF 75 08                        	PUSH	DWORD [8+EBP]
   375 000002B8 E8 FFFFFE92                     	CALL	_boxfill8
   376 000002BD 8B 7D 0C                        	MOV	EDI,DWORD [12+EBP]
   377 000002C0 83 C4 38                        	ADD	ESP,56
   378 000002C3 8B 5D 0C                        	MOV	EBX,DWORD [12+EBP]
   379 000002C6 83 EB 04                        	SUB	EBX,4
   380 000002C9 83 EF 2F                        	SUB	EDI,47
   381 000002CC 56                              	PUSH	ESI
   382 000002CD 53                              	PUSH	EBX
   383 000002CE 56                              	PUSH	ESI
   384 000002CF 57                              	PUSH	EDI
   385 000002D0 6A 0F                           	PUSH	15
   386 000002D2 FF 75 0C                        	PUSH	DWORD [12+EBP]
   387 000002D5 FF 75 08                        	PUSH	DWORD [8+EBP]
   388 000002D8 E8 FFFFFE72                     	CALL	_boxfill8
   389 000002DD FF 75 F0                        	PUSH	DWORD [-16+EBP]
   390 000002E0 57                              	PUSH	EDI
   391 000002E1 FF 75 EC                        	PUSH	DWORD [-20+EBP]
   392 000002E4 57                              	PUSH	EDI
   393 000002E5 6A 0F                           	PUSH	15
   394 000002E7 FF 75 0C                        	PUSH	DWORD [12+EBP]
   395 000002EA FF 75 08                        	PUSH	DWORD [8+EBP]
   396 000002ED E8 FFFFFE5D                     	CALL	_boxfill8
   397 000002F2 83 C4 38                        	ADD	ESP,56
   398 000002F5 FF 75 E8                        	PUSH	DWORD [-24+EBP]
   399 000002F8 53                              	PUSH	EBX
   400 000002F9 FF 75 E8                        	PUSH	DWORD [-24+EBP]
   401 000002FC 57                              	PUSH	EDI
   402 000002FD 6A 07                           	PUSH	7
   403 000002FF FF 75 0C                        	PUSH	DWORD [12+EBP]
   404 00000302 FF 75 08                        	PUSH	DWORD [8+EBP]
   405 00000305 E8 FFFFFE45                     	CALL	_boxfill8
   406 0000030A 8B 45 0C                        	MOV	EAX,DWORD [12+EBP]
   407 0000030D FF 75 E8                        	PUSH	DWORD [-24+EBP]
   408 00000310 83 E8 03                        	SUB	EAX,3
   409 00000313 50                              	PUSH	EAX
   410 00000314 56                              	PUSH	ESI
   411 00000315 50                              	PUSH	EAX
   412 00000316 6A 07                           	PUSH	7
   413 00000318 FF 75 0C                        	PUSH	DWORD [12+EBP]
   414 0000031B FF 75 08                        	PUSH	DWORD [8+EBP]
   415 0000031E E8 FFFFFE2C                     	CALL	_boxfill8
   416 00000323 8D 65 F4                        	LEA	ESP,DWORD [-12+EBP]
   417 00000326 5B                              	POP	EBX
   418 00000327 5E                              	POP	ESI
   419 00000328 5F                              	POP	EDI
   420 00000329 5D                              	POP	EBP
   421 0000032A C3                              	RET
   422 0000032B                                 	GLOBAL	_putfont8
   423 0000032B                                 _putfont8:
   424 0000032B 55                              	PUSH	EBP
   425 0000032C 89 E5                           	MOV	EBP,ESP
   426 0000032E 57                              	PUSH	EDI
   427 0000032F 56                              	PUSH	ESI
   428 00000330 31 F6                           	XOR	ESI,ESI
   429 00000332 53                              	PUSH	EBX
   430 00000333 8B 7D 1C                        	MOV	EDI,DWORD [28+EBP]
   431 00000336 8A 5D 18                        	MOV	BL,BYTE [24+EBP]
   432 00000339                                 L43:
   433 00000339 8B 45 14                        	MOV	EAX,DWORD [20+EBP]
   434 0000033C 8B 55 10                        	MOV	EDX,DWORD [16+EBP]
   435 0000033F 01 F0                           	ADD	EAX,ESI
   436 00000341 0F AF 45 0C                     	IMUL	EAX,DWORD [12+EBP]
   437 00000345 03 45 08                        	ADD	EAX,DWORD [8+EBP]
   438 00000348 8D 0C 02                        	LEA	ECX,DWORD [EDX+EAX*1]
   439 0000034B 8A 14 3E                        	MOV	DL,BYTE [ESI+EDI*1]
   440 0000034E 84 D2                           	TEST	DL,DL
   441 00000350 79 02                           	JNS	L35
   442 00000352 88 19                           	MOV	BYTE [ECX],BL
   443 00000354                                 L35:
   444 00000354 88 D0                           	MOV	AL,DL
   445 00000356 83 E0 40                        	AND	EAX,64
   446 00000359 84 C0                           	TEST	AL,AL
   447 0000035B 74 03                           	JE	L36
   448 0000035D 88 59 01                        	MOV	BYTE [1+ECX],BL
   449 00000360                                 L36:
   450 00000360 88 D0                           	MOV	AL,DL
   451 00000362 83 E0 20                        	AND	EAX,32
   452 00000365 84 C0                           	TEST	AL,AL
   453 00000367 74 03                           	JE	L37
   454 00000369 88 59 02                        	MOV	BYTE [2+ECX],BL
   455 0000036C                                 L37:
   456 0000036C 88 D0                           	MOV	AL,DL
   457 0000036E 83 E0 10                        	AND	EAX,16
   458 00000371 84 C0                           	TEST	AL,AL
   459 00000373 74 03                           	JE	L38
   460 00000375 88 59 03                        	MOV	BYTE [3+ECX],BL
   461 00000378                                 L38:
   462 00000378 88 D0                           	MOV	AL,DL
   463 0000037A 83 E0 08                        	AND	EAX,8
   464 0000037D 84 C0                           	TEST	AL,AL
   465 0000037F 74 03                           	JE	L39
   466 00000381 88 59 04                        	MOV	BYTE [4+ECX],BL
   467 00000384                                 L39:
   468 00000384 88 D0                           	MOV	AL,DL
   469 00000386 83 E0 04                        	AND	EAX,4
   470 00000389 84 C0                           	TEST	AL,AL
   471 0000038B 74 03                           	JE	L40
   472 0000038D 88 59 05                        	MOV	BYTE [5+ECX],BL
   473 00000390                                 L40:
   474 00000390 88 D0                           	MOV	AL,DL
   475 00000392 83 E0 02                        	AND	EAX,2
   476 00000395 84 C0                           	TEST	AL,AL
   477 00000397 74 03                           	JE	L41
   478 00000399 88 59 06                        	MOV	BYTE [6+ECX],BL
   479 0000039C                                 L41:
   480 0000039C 83 E2 01                        	AND	EDX,1
   481 0000039F 84 D2                           	TEST	DL,DL
   482 000003A1 74 03                           	JE	L33
   483 000003A3 88 59 07                        	MOV	BYTE [7+ECX],BL
   484 000003A6                                 L33:
   485 000003A6 46                              	INC	ESI
   486 000003A7 83 FE 0F                        	CMP	ESI,15
   487 000003AA 7E 8D                           	JLE	L43
   488 000003AC 5B                              	POP	EBX
   489 000003AD 5E                              	POP	ESI
   490 000003AE 5F                              	POP	EDI
   491 000003AF 5D                              	POP	EBP
   492 000003B0 C3                              	RET
   493 000003B1                                 	GLOBAL	_putfonts8_asc
   494 000003B1                                 _putfonts8_asc:
   495 000003B1 55                              	PUSH	EBP
   496 000003B2 89 E5                           	MOV	EBP,ESP
   497 000003B4 57                              	PUSH	EDI
   498 000003B5 56                              	PUSH	ESI
   499 000003B6 53                              	PUSH	EBX
   500 000003B7 50                              	PUSH	EAX
   501 000003B8 8B 5D 1C                        	MOV	EBX,DWORD [28+EBP]
   502 000003BB 8A 45 18                        	MOV	AL,BYTE [24+EBP]
   503 000003BE 88 45 F3                        	MOV	BYTE [-13+EBP],AL
   504 000003C1 8B 75 10                        	MOV	ESI,DWORD [16+EBP]
   505 000003C4 8B 7D 14                        	MOV	EDI,DWORD [20+EBP]
   506 000003C7 80 3B 00                        	CMP	BYTE [EBX],0
   507 000003CA 75 08                           	JNE	L51
   508 000003CC                                 L53:
   509 000003CC 8D 65 F4                        	LEA	ESP,DWORD [-12+EBP]
   510 000003CF 5B                              	POP	EBX
   511 000003D0 5E                              	POP	ESI
   512 000003D1 5F                              	POP	EDI
   513 000003D2 5D                              	POP	EBP
   514 000003D3 C3                              	RET
   515 000003D4                                 L51:
   516 000003D4 0F B6 03                        	MOVZX	EAX,BYTE [EBX]
   517 000003D7 C1 E0 04                        	SAL	EAX,4
   518 000003DA 43                              	INC	EBX
   519 000003DB 05 [00000000]                   	ADD	EAX,_hankaku
   520 000003E0 50                              	PUSH	EAX
   521 000003E1 0F BE 45 F3                     	MOVSX	EAX,BYTE [-13+EBP]
   522 000003E5 50                              	PUSH	EAX
   523 000003E6 57                              	PUSH	EDI
   524 000003E7 56                              	PUSH	ESI
   525 000003E8 83 C6 08                        	ADD	ESI,8
   526 000003EB FF 75 0C                        	PUSH	DWORD [12+EBP]
   527 000003EE FF 75 08                        	PUSH	DWORD [8+EBP]
   528 000003F1 E8 FFFFFF35                     	CALL	_putfont8
   529 000003F6 83 C4 18                        	ADD	ESP,24
   530 000003F9 80 3B 00                        	CMP	BYTE [EBX],0
   531 000003FC 75 D6                           	JNE	L51
   532 000003FE EB CC                           	JMP	L53
   533                                          [SECTION .data]
   534 00000049                                 _cursor.1:
   535 00000049 2A 2A 2A 2A 2A 2A 2A 2A 2A 2A   	DB	"**************.."
       00000053 2A 2A 2A 2A 2E 2E 
   536 00000059 2A 4F 4F 4F 4F 4F 4F 4F 4F 4F   	DB	"*OOOOOOOOOOO*..."
       00000063 4F 4F 2A 2E 2E 2E 
   537 00000069 2A 4F 4F 4F 4F 4F 4F 4F 4F 4F   	DB	"*OOOOOOOOOO*...."
       00000073 4F 2A 2E 2E 2E 2E 
   538 00000079 2A 4F 4F 4F 4F 4F 4F 4F 4F 4F   	DB	"*OOOOOOOOO*....."
       00000083 2A 2E 2E 2E 2E 2E 
   539 00000089 2A 4F 4F 4F 4F 4F 4F 4F 4F 2A   	DB	"*OOOOOOOO*......"
       00000093 2E 2E 2E 2E 2E 2E 
   540 00000099 2A 4F 4F 4F 4F 4F 4F 4F 2A 2E   	DB	"*OOOOOOO*......."
       000000A3 2E 2E 2E 2E 2E 2E 
   541 000000A9 2A 4F 4F 4F 4F 4F 4F 4F 2A 2E   	DB	"*OOOOOOO*......."
       000000B3 2E 2E 2E 2E 2E 2E 
   542 000000B9 2A 4F 4F 4F 4F 4F 4F 4F 4F 2A   	DB	"*OOOOOOOO*......"
       000000C3 2E 2E 2E 2E 2E 2E 
   543 000000C9 2A 4F 4F 4F 4F 2A 2A 4F 4F 4F   	DB	"*OOOO**OOO*....."
       000000D3 2A 2E 2E 2E 2E 2E 
   544 000000D9 2A 4F 4F 4F 2A 2E 2E 2A 4F 4F   	DB	"*OOO*..*OOO*...."
       000000E3 4F 2A 2E 2E 2E 2E 
   545 000000E9 2A 4F 4F 2A 2E 2E 2E 2E 2A 4F   	DB	"*OO*....*OOO*..."
       000000F3 4F 4F 2A 2E 2E 2E 
   546 000000F9 2A 4F 2A 2E 2E 2E 2E 2E 2E 2A   	DB	"*O*......*OOO*.."
       00000103 4F 4F 4F 2A 2E 2E 
   547 00000109 2A 2A 2E 2E 2E 2E 2E 2E 2E 2E   	DB	"**........*OOO*."
       00000113 2A 4F 4F 4F 2A 2E 
   548 00000119 2A 2E 2E 2E 2E 2E 2E 2E 2E 2E   	DB	"*..........*OOO*"
       00000123 2E 2A 4F 4F 4F 2A 
   549 00000129 2E 2E 2E 2E 2E 2E 2E 2E 2E 2E   	DB	"............*OO*"
       00000133 2E 2E 2A 4F 4F 2A 
   550 00000139 2E 2E 2E 2E 2E 2E 2E 2E 2E 2E   	DB	".............***"
       00000143 2E 2E 2E 2A 2A 2A 
   551                                          [SECTION .text]
   552 00000400                                 	GLOBAL	_init_mouse_cursor8
   553 00000400                                 _init_mouse_cursor8:
   554 00000400 55                              	PUSH	EBP
   555 00000401 89 E5                           	MOV	EBP,ESP
   556 00000403 57                              	PUSH	EDI
   557 00000404 56                              	PUSH	ESI
   558 00000405 31 FF                           	XOR	EDI,EDI
   559 00000407 53                              	PUSH	EBX
   560 00000408 31 DB                           	XOR	EBX,EBX
   561 0000040A 50                              	PUSH	EAX
   562 0000040B 8A 45 0C                        	MOV	AL,BYTE [12+EBP]
   563 0000040E 8B 75 08                        	MOV	ESI,DWORD [8+EBP]
   564 00000411 88 45 F3                        	MOV	BYTE [-13+EBP],AL
   565 00000414                                 L67:
   566 00000414 31 D2                           	XOR	EDX,EDX
   567 00000416                                 L66:
   568 00000416 8D 04 3A                        	LEA	EAX,DWORD [EDX+EDI*1]
   569 00000419 80 B8 [00000049] 2A             	CMP	BYTE [_cursor.1+EAX],42
   570 00000420 74 35                           	JE	L72
   571 00000422                                 L63:
   572 00000422 80 B8 [00000049] 4F             	CMP	BYTE [_cursor.1+EAX],79
   573 00000429 74 26                           	JE	L73
   574 0000042B                                 L64:
   575 0000042B 80 B8 [00000049] 2E             	CMP	BYTE [_cursor.1+EAX],46
   576 00000432 74 15                           	JE	L74
   577 00000434                                 L61:
   578 00000434 42                              	INC	EDX
   579 00000435 83 FA 0F                        	CMP	EDX,15
   580 00000438 7E DC                           	JLE	L66
   581 0000043A 43                              	INC	EBX
   582 0000043B 83 C7 10                        	ADD	EDI,16
   583 0000043E 83 FB 0F                        	CMP	EBX,15
   584 00000441 7E D1                           	JLE	L67
   585 00000443 58                              	POP	EAX
   586 00000444 5B                              	POP	EBX
   587 00000445 5E                              	POP	ESI
   588 00000446 5F                              	POP	EDI
   589 00000447 5D                              	POP	EBP
   590 00000448 C3                              	RET
   591 00000449                                 L74:
   592 00000449 8A 4D F3                        	MOV	CL,BYTE [-13+EBP]
   593 0000044C 88 0C 30                        	MOV	BYTE [EAX+ESI*1],CL
   594 0000044F EB E3                           	JMP	L61
   595 00000451                                 L73:
   596 00000451 C6 04 30 07                     	MOV	BYTE [EAX+ESI*1],7
   597 00000455 EB D4                           	JMP	L64
   598 00000457                                 L72:
   599 00000457 C6 04 30 00                     	MOV	BYTE [EAX+ESI*1],0
   600 0000045B EB C5                           	JMP	L63
   601 0000045D                                 	GLOBAL	_putblock8_8
   602 0000045D                                 _putblock8_8:
   603 0000045D 55                              	PUSH	EBP
   604 0000045E 89 E5                           	MOV	EBP,ESP
   605 00000460 57                              	PUSH	EDI
   606 00000461 56                              	PUSH	ESI
   607 00000462 31 F6                           	XOR	ESI,ESI
   608 00000464 53                              	PUSH	EBX
   609 00000465 83 EC 0C                        	SUB	ESP,12
   610 00000468 3B 75 14                        	CMP	ESI,DWORD [20+EBP]
   611 0000046B 7D 3E                           	JGE	L87
   612 0000046D 31 FF                           	XOR	EDI,EDI
   613 0000046F                                 L85:
   614 0000046F 31 DB                           	XOR	EBX,EBX
   615 00000471 3B 5D 10                        	CMP	EBX,DWORD [16+EBP]
   616 00000474 7D 2C                           	JGE	L89
   617 00000476 8B 45 20                        	MOV	EAX,DWORD [32+EBP]
   618 00000479 01 F8                           	ADD	EAX,EDI
   619 0000047B 89 45 EC                        	MOV	DWORD [-20+EBP],EAX
   620 0000047E                                 L84:
   621 0000047E 8B 45 1C                        	MOV	EAX,DWORD [28+EBP]
   622 00000481 8B 55 18                        	MOV	EDX,DWORD [24+EBP]
   623 00000484 01 F0                           	ADD	EAX,ESI
   624 00000486 01 DA                           	ADD	EDX,EBX
   625 00000488 0F AF 45 0C                     	IMUL	EAX,DWORD [12+EBP]
   626 0000048C 01 D0                           	ADD	EAX,EDX
   627 0000048E 8B 4D 08                        	MOV	ECX,DWORD [8+EBP]
   628 00000491 8B 55 EC                        	MOV	EDX,DWORD [-20+EBP]
   629 00000494 43                              	INC	EBX
   630 00000495 8A 12                           	MOV	DL,BYTE [EDX]
   631 00000497 88 14 08                        	MOV	BYTE [EAX+ECX*1],DL
   632 0000049A FF 45 EC                        	INC	DWORD [-20+EBP]
   633 0000049D 3B 5D 10                        	CMP	EBX,DWORD [16+EBP]
   634 000004A0 7C DC                           	JL	L84
   635 000004A2                                 L89:
   636 000004A2 46                              	INC	ESI
   637 000004A3 03 7D 24                        	ADD	EDI,DWORD [36+EBP]
   638 000004A6 3B 75 14                        	CMP	ESI,DWORD [20+EBP]
   639 000004A9 7C C4                           	JL	L85
   640 000004AB                                 L87:
   641 000004AB 83 C4 0C                        	ADD	ESP,12
   642 000004AE 5B                              	POP	EBX
   643 000004AF 5E                              	POP	ESI
   644 000004B0 5F                              	POP	EDI
   645 000004B1 5D                              	POP	EBP
   646 000004B2 C3                              	RET
