     1 00000000                                 [FORMAT "WCOFF"]
     2 00000000                                 [INSTRSET "i486p"]
     3 00000000                                 [OPTIMIZE 1]
     4 00000000                                 [OPTION 1]
     5 00000000                                 [BITS 32]
     6 00000000                                 	EXTERN	_io_hlt
     7 00000000                                 	EXTERN	_io_load_eflags
     8 00000000                                 	EXTERN	_io_cli
     9 00000000                                 	EXTERN	_io_out8
    10 00000000                                 	EXTERN	_io_store_eflags
    11 00000000                                 	EXTERN	_hankaku
    12 00000000                                 [FILE "bootpack.c"]
    13                                          [SECTION .data]
    14 00000000                                 _font_A:
    15 00000000 00                              	DB	0
    16 00000001 18                              	DB	24
    17 00000002 18                              	DB	24
    18 00000003 18                              	DB	24
    19 00000004 18                              	DB	24
    20 00000005 24                              	DB	36
    21 00000006 24                              	DB	36
    22 00000007 24                              	DB	36
    23 00000008 24                              	DB	36
    24 00000009 7E                              	DB	126
    25 0000000A 42                              	DB	66
    26 0000000B 42                              	DB	66
    27 0000000C 42                              	DB	66
    28 0000000D E7                              	DB	-25
    29 0000000E 00                              	DB	0
    30 0000000F 00                              	DB	0
    31 00000010                                 LC0:
    32 00000010 41 42 43 20 31 32 33 00         	DB	"ABC 123",0x00
    33 00000018                                 LC1:
    34 00000018 48 61 72 69 62 6F 74 65 20 4F   	DB	"Haribote OS.",0x00
       00000022 53 2E 00 
    35                                          [SECTION .text]
    36 00000000                                 	GLOBAL	_HariMain
    37 00000000                                 _HariMain:
    38 00000000 55                              	PUSH	EBP
    39 00000001 89 E5                           	MOV	EBP,ESP
    40 00000003 E8 00000082                     	CALL	_init_palette
    41 00000008 0F BF 05 00000FF6               	MOVSX	EAX,WORD [4086]
    42 0000000F 50                              	PUSH	EAX
    43 00000010 0F BF 05 00000FF4               	MOVSX	EAX,WORD [4084]
    44 00000017 50                              	PUSH	EAX
    45 00000018 FF 35 00000FF8                  	PUSH	DWORD [4088]
    46 0000001E E8 00000153                     	CALL	_init_screen
    47 00000023 68 [00000010]                   	PUSH	LC0
    48 00000028 6A 07                           	PUSH	7
    49 0000002A 6A 08                           	PUSH	8
    50 0000002C 6A 08                           	PUSH	8
    51 0000002E 0F BF 05 00000FF4               	MOVSX	EAX,WORD [4084]
    52 00000035 50                              	PUSH	EAX
    53 00000036 FF 35 00000FF8                  	PUSH	DWORD [4088]
    54 0000003C E8 00000346                     	CALL	_putfonts8_asc
    55 00000041 83 C4 24                        	ADD	ESP,36
    56 00000044 68 [00000018]                   	PUSH	LC1
    57 00000049 6A 00                           	PUSH	0
    58 0000004B 6A 1F                           	PUSH	31
    59 0000004D 6A 1F                           	PUSH	31
    60 0000004F 0F BF 05 00000FF4               	MOVSX	EAX,WORD [4084]
    61 00000056 50                              	PUSH	EAX
    62 00000057 FF 35 00000FF8                  	PUSH	DWORD [4088]
    63 0000005D E8 00000325                     	CALL	_putfonts8_asc
    64 00000062 68 [00000018]                   	PUSH	LC1
    65 00000067 6A 07                           	PUSH	7
    66 00000069 6A 1E                           	PUSH	30
    67 0000006B 6A 1E                           	PUSH	30
    68 0000006D 0F BF 05 00000FF4               	MOVSX	EAX,WORD [4084]
    69 00000074 50                              	PUSH	EAX
    70 00000075 FF 35 00000FF8                  	PUSH	DWORD [4088]
    71 0000007B E8 00000307                     	CALL	_putfonts8_asc
    72 00000080 83 C4 30                        	ADD	ESP,48
    73 00000083                                 L2:
    74 00000083 E8 [00000000]                   	CALL	_io_hlt
    75 00000088 EB F9                           	JMP	L2
    76                                          [SECTION .data]
    77 00000025                                 _table_rgb.0:
    78 00000025 00                              	DB	0
    79 00000026 00                              	DB	0
    80 00000027 00                              	DB	0
    81 00000028 FF                              	DB	-1
    82 00000029 00                              	DB	0
    83 0000002A 00                              	DB	0
    84 0000002B 00                              	DB	0
    85 0000002C FF                              	DB	-1
    86 0000002D 00                              	DB	0
    87 0000002E FF                              	DB	-1
    88 0000002F FF                              	DB	-1
    89 00000030 00                              	DB	0
    90 00000031 00                              	DB	0
    91 00000032 00                              	DB	0
    92 00000033 FF                              	DB	-1
    93 00000034 FF                              	DB	-1
    94 00000035 00                              	DB	0
    95 00000036 FF                              	DB	-1
    96 00000037 00                              	DB	0
    97 00000038 FF                              	DB	-1
    98 00000039 FF                              	DB	-1
    99 0000003A FF                              	DB	-1
   100 0000003B FF                              	DB	-1
   101 0000003C FF                              	DB	-1
   102 0000003D C6                              	DB	-58
   103 0000003E C6                              	DB	-58
   104 0000003F C6                              	DB	-58
   105 00000040 84                              	DB	-124
   106 00000041 00                              	DB	0
   107 00000042 00                              	DB	0
   108 00000043 00                              	DB	0
   109 00000044 84                              	DB	-124
   110 00000045 00                              	DB	0
   111 00000046 84                              	DB	-124
   112 00000047 84                              	DB	-124
   113 00000048 00                              	DB	0
   114 00000049 00                              	DB	0
   115 0000004A 00                              	DB	0
   116 0000004B 84                              	DB	-124
   117 0000004C 84                              	DB	-124
   118 0000004D 00                              	DB	0
   119 0000004E 84                              	DB	-124
   120 0000004F 00                              	DB	0
   121 00000050 84                              	DB	-124
   122 00000051 84                              	DB	-124
   123 00000052 84                              	DB	-124
   124 00000053 84                              	DB	-124
   125 00000054 84                              	DB	-124
   126                                          [SECTION .text]
   127 0000008A                                 	GLOBAL	_init_palette
   128 0000008A                                 _init_palette:
   129 0000008A 55                              	PUSH	EBP
   130 0000008B 89 E5                           	MOV	EBP,ESP
   131 0000008D 68 [00000025]                   	PUSH	_table_rgb.0
   132 00000092 6A 0F                           	PUSH	15
   133 00000094 6A 00                           	PUSH	0
   134 00000096 E8 00000002                     	CALL	_set_palette
   135 0000009B C9                              	LEAVE
   136 0000009C C3                              	RET
   137 0000009D                                 	GLOBAL	_set_palette
   138 0000009D                                 _set_palette:
   139 0000009D 55                              	PUSH	EBP
   140 0000009E 89 E5                           	MOV	EBP,ESP
   141 000000A0 57                              	PUSH	EDI
   142 000000A1 56                              	PUSH	ESI
   143 000000A2 53                              	PUSH	EBX
   144 000000A3 51                              	PUSH	ECX
   145 000000A4 8B 5D 08                        	MOV	EBX,DWORD [8+EBP]
   146 000000A7 8B 7D 0C                        	MOV	EDI,DWORD [12+EBP]
   147 000000AA 8B 75 10                        	MOV	ESI,DWORD [16+EBP]
   148 000000AD E8 [00000000]                   	CALL	_io_load_eflags
   149 000000B2 89 45 F0                        	MOV	DWORD [-16+EBP],EAX
   150 000000B5 E8 [00000000]                   	CALL	_io_cli
   151 000000BA 53                              	PUSH	EBX
   152 000000BB 68 000003C8                     	PUSH	968
   153 000000C0 E8 [00000000]                   	CALL	_io_out8
   154 000000C5 39 FB                           	CMP	EBX,EDI
   155 000000C7 58                              	POP	EAX
   156 000000C8 5A                              	POP	EDX
   157 000000C9 7E 12                           	JLE	L11
   158 000000CB                                 L13:
   159 000000CB 8B 45 F0                        	MOV	EAX,DWORD [-16+EBP]
   160 000000CE 89 45 08                        	MOV	DWORD [8+EBP],EAX
   161 000000D1 8D 65 F4                        	LEA	ESP,DWORD [-12+EBP]
   162 000000D4 5B                              	POP	EBX
   163 000000D5 5E                              	POP	ESI
   164 000000D6 5F                              	POP	EDI
   165 000000D7 5D                              	POP	EBP
   166 000000D8 E9 [00000000]                   	JMP	_io_store_eflags
   167 000000DD                                 L11:
   168 000000DD 8A 06                           	MOV	AL,BYTE [ESI]
   169 000000DF 43                              	INC	EBX
   170 000000E0 C0 E8 02                        	SHR	AL,2
   171 000000E3 0F B6 C0                        	MOVZX	EAX,AL
   172 000000E6 50                              	PUSH	EAX
   173 000000E7 68 000003C9                     	PUSH	969
   174 000000EC E8 [00000000]                   	CALL	_io_out8
   175 000000F1 8A 46 01                        	MOV	AL,BYTE [1+ESI]
   176 000000F4 C0 E8 02                        	SHR	AL,2
   177 000000F7 0F B6 C0                        	MOVZX	EAX,AL
   178 000000FA 50                              	PUSH	EAX
   179 000000FB 68 000003C9                     	PUSH	969
   180 00000100 E8 [00000000]                   	CALL	_io_out8
   181 00000105 8A 46 02                        	MOV	AL,BYTE [2+ESI]
   182 00000108 C0 E8 02                        	SHR	AL,2
   183 0000010B 83 C6 03                        	ADD	ESI,3
   184 0000010E 0F B6 C0                        	MOVZX	EAX,AL
   185 00000111 50                              	PUSH	EAX
   186 00000112 68 000003C9                     	PUSH	969
   187 00000117 E8 [00000000]                   	CALL	_io_out8
   188 0000011C 83 C4 18                        	ADD	ESP,24
   189 0000011F 39 FB                           	CMP	EBX,EDI
   190 00000121 7E BA                           	JLE	L11
   191 00000123 EB A6                           	JMP	L13
   192 00000125                                 	GLOBAL	_boxfill8
   193 00000125                                 _boxfill8:
   194 00000125 55                              	PUSH	EBP
   195 00000126 89 E5                           	MOV	EBP,ESP
   196 00000128 57                              	PUSH	EDI
   197 00000129 56                              	PUSH	ESI
   198 0000012A 53                              	PUSH	EBX
   199 0000012B 57                              	PUSH	EDI
   200 0000012C 57                              	PUSH	EDI
   201 0000012D 8A 45 10                        	MOV	AL,BYTE [16+EBP]
   202 00000130 8B 4D 18                        	MOV	ECX,DWORD [24+EBP]
   203 00000133 8B 7D 1C                        	MOV	EDI,DWORD [28+EBP]
   204 00000136 88 45 F3                        	MOV	BYTE [-13+EBP],AL
   205 00000139 3B 4D 20                        	CMP	ECX,DWORD [32+EBP]
   206 0000013C 7F 31                           	JG	L26
   207 0000013E 8B 5D 0C                        	MOV	EBX,DWORD [12+EBP]
   208 00000141 0F AF D9                        	IMUL	EBX,ECX
   209 00000144                                 L24:
   210 00000144 8B 55 14                        	MOV	EDX,DWORD [20+EBP]
   211 00000147 39 FA                           	CMP	EDX,EDI
   212 00000149 7F 1B                           	JG	L28
   213 0000014B 8B 75 08                        	MOV	ESI,DWORD [8+EBP]
   214 0000014E 01 DE                           	ADD	ESI,EBX
   215 00000150 01 D6                           	ADD	ESI,EDX
   216 00000152 89 75 EC                        	MOV	DWORD [-20+EBP],ESI
   217 00000155                                 L23:
   218 00000155 8B 75 EC                        	MOV	ESI,DWORD [-20+EBP]
   219 00000158 8A 45 F3                        	MOV	AL,BYTE [-13+EBP]
   220 0000015B 42                              	INC	EDX
   221 0000015C 88 06                           	MOV	BYTE [ESI],AL
   222 0000015E 46                              	INC	ESI
   223 0000015F 89 75 EC                        	MOV	DWORD [-20+EBP],ESI
   224 00000162 39 FA                           	CMP	EDX,EDI
   225 00000164 7E EF                           	JLE	L23
   226 00000166                                 L28:
   227 00000166 41                              	INC	ECX
   228 00000167 03 5D 0C                        	ADD	EBX,DWORD [12+EBP]
   229 0000016A 3B 4D 20                        	CMP	ECX,DWORD [32+EBP]
   230 0000016D 7E D5                           	JLE	L24
   231 0000016F                                 L26:
   232 0000016F 5B                              	POP	EBX
   233 00000170 5E                              	POP	ESI
   234 00000171 5B                              	POP	EBX
   235 00000172 5E                              	POP	ESI
   236 00000173 5F                              	POP	EDI
   237 00000174 5D                              	POP	EBP
   238 00000175 C3                              	RET
   239 00000176                                 	GLOBAL	_init_screen
   240 00000176                                 _init_screen:
   241 00000176 55                              	PUSH	EBP
   242 00000177 89 E5                           	MOV	EBP,ESP
   243 00000179 57                              	PUSH	EDI
   244 0000017A 56                              	PUSH	ESI
   245 0000017B 53                              	PUSH	EBX
   246 0000017C 83 EC 0C                        	SUB	ESP,12
   247 0000017F 8B 45 10                        	MOV	EAX,DWORD [16+EBP]
   248 00000182 8B 7D 0C                        	MOV	EDI,DWORD [12+EBP]
   249 00000185 83 E8 1D                        	SUB	EAX,29
   250 00000188 4F                              	DEC	EDI
   251 00000189 50                              	PUSH	EAX
   252 0000018A 57                              	PUSH	EDI
   253 0000018B 6A 00                           	PUSH	0
   254 0000018D 6A 00                           	PUSH	0
   255 0000018F 6A 0E                           	PUSH	14
   256 00000191 FF 75 0C                        	PUSH	DWORD [12+EBP]
   257 00000194 FF 75 08                        	PUSH	DWORD [8+EBP]
   258 00000197 E8 FFFFFF89                     	CALL	_boxfill8
   259 0000019C 8B 45 10                        	MOV	EAX,DWORD [16+EBP]
   260 0000019F 83 E8 1C                        	SUB	EAX,28
   261 000001A2 50                              	PUSH	EAX
   262 000001A3 57                              	PUSH	EDI
   263 000001A4 50                              	PUSH	EAX
   264 000001A5 6A 00                           	PUSH	0
   265 000001A7 6A 08                           	PUSH	8
   266 000001A9 FF 75 0C                        	PUSH	DWORD [12+EBP]
   267 000001AC FF 75 08                        	PUSH	DWORD [8+EBP]
   268 000001AF E8 FFFFFF71                     	CALL	_boxfill8
   269 000001B4 8B 45 10                        	MOV	EAX,DWORD [16+EBP]
   270 000001B7 83 C4 38                        	ADD	ESP,56
   271 000001BA 83 E8 1B                        	SUB	EAX,27
   272 000001BD 50                              	PUSH	EAX
   273 000001BE 57                              	PUSH	EDI
   274 000001BF 50                              	PUSH	EAX
   275 000001C0 6A 00                           	PUSH	0
   276 000001C2 6A 07                           	PUSH	7
   277 000001C4 FF 75 0C                        	PUSH	DWORD [12+EBP]
   278 000001C7 FF 75 08                        	PUSH	DWORD [8+EBP]
   279 000001CA E8 FFFFFF56                     	CALL	_boxfill8
   280 000001CF 8B 45 10                        	MOV	EAX,DWORD [16+EBP]
   281 000001D2 48                              	DEC	EAX
   282 000001D3 50                              	PUSH	EAX
   283 000001D4 8B 45 10                        	MOV	EAX,DWORD [16+EBP]
   284 000001D7 57                              	PUSH	EDI
   285 000001D8 83 E8 1A                        	SUB	EAX,26
   286 000001DB 50                              	PUSH	EAX
   287 000001DC 6A 00                           	PUSH	0
   288 000001DE 6A 08                           	PUSH	8
   289 000001E0 FF 75 0C                        	PUSH	DWORD [12+EBP]
   290 000001E3 FF 75 08                        	PUSH	DWORD [8+EBP]
   291 000001E6 E8 FFFFFF3A                     	CALL	_boxfill8
   292 000001EB 8B 75 10                        	MOV	ESI,DWORD [16+EBP]
   293 000001EE 83 C4 38                        	ADD	ESP,56
   294 000001F1 83 EE 18                        	SUB	ESI,24
   295 000001F4 56                              	PUSH	ESI
   296 000001F5 6A 3B                           	PUSH	59
   297 000001F7 56                              	PUSH	ESI
   298 000001F8 6A 03                           	PUSH	3
   299 000001FA 6A 07                           	PUSH	7
   300 000001FC FF 75 0C                        	PUSH	DWORD [12+EBP]
   301 000001FF FF 75 08                        	PUSH	DWORD [8+EBP]
   302 00000202 E8 FFFFFF1E                     	CALL	_boxfill8
   303 00000207 8B 45 10                        	MOV	EAX,DWORD [16+EBP]
   304 0000020A 83 E8 04                        	SUB	EAX,4
   305 0000020D 50                              	PUSH	EAX
   306 0000020E 89 45 F0                        	MOV	DWORD [-16+EBP],EAX
   307 00000211 6A 02                           	PUSH	2
   308 00000213 56                              	PUSH	ESI
   309 00000214 6A 02                           	PUSH	2
   310 00000216 6A 07                           	PUSH	7
   311 00000218 FF 75 0C                        	PUSH	DWORD [12+EBP]
   312 0000021B FF 75 08                        	PUSH	DWORD [8+EBP]
   313 0000021E E8 FFFFFF02                     	CALL	_boxfill8
   314 00000223 83 C4 38                        	ADD	ESP,56
   315 00000226 FF 75 F0                        	PUSH	DWORD [-16+EBP]
   316 00000229 6A 3B                           	PUSH	59
   317 0000022B FF 75 F0                        	PUSH	DWORD [-16+EBP]
   318 0000022E 6A 03                           	PUSH	3
   319 00000230 6A 0F                           	PUSH	15
   320 00000232 FF 75 0C                        	PUSH	DWORD [12+EBP]
   321 00000235 FF 75 08                        	PUSH	DWORD [8+EBP]
   322 00000238 E8 FFFFFEE8                     	CALL	_boxfill8
   323 0000023D 8B 45 10                        	MOV	EAX,DWORD [16+EBP]
   324 00000240 83 E8 05                        	SUB	EAX,5
   325 00000243 50                              	PUSH	EAX
   326 00000244 8B 45 10                        	MOV	EAX,DWORD [16+EBP]
   327 00000247 6A 3B                           	PUSH	59
   328 00000249 83 E8 17                        	SUB	EAX,23
   329 0000024C 50                              	PUSH	EAX
   330 0000024D 89 45 EC                        	MOV	DWORD [-20+EBP],EAX
   331 00000250 6A 3B                           	PUSH	59
   332 00000252 6A 0F                           	PUSH	15
   333 00000254 FF 75 0C                        	PUSH	DWORD [12+EBP]
   334 00000257 FF 75 08                        	PUSH	DWORD [8+EBP]
   335 0000025A E8 FFFFFEC6                     	CALL	_boxfill8
   336 0000025F 8B 45 10                        	MOV	EAX,DWORD [16+EBP]
   337 00000262 83 C4 38                        	ADD	ESP,56
   338 00000265 83 E8 03                        	SUB	EAX,3
   339 00000268 89 45 E8                        	MOV	DWORD [-24+EBP],EAX
   340 0000026B 50                              	PUSH	EAX
   341 0000026C 6A 3B                           	PUSH	59
   342 0000026E 50                              	PUSH	EAX
   343 0000026F 6A 02                           	PUSH	2
   344 00000271 6A 00                           	PUSH	0
   345 00000273 FF 75 0C                        	PUSH	DWORD [12+EBP]
   346 00000276 FF 75 08                        	PUSH	DWORD [8+EBP]
   347 00000279 E8 FFFFFEA7                     	CALL	_boxfill8
   348 0000027E FF 75 E8                        	PUSH	DWORD [-24+EBP]
   349 00000281 6A 3C                           	PUSH	60
   350 00000283 56                              	PUSH	ESI
   351 00000284 6A 3C                           	PUSH	60
   352 00000286 6A 00                           	PUSH	0
   353 00000288 FF 75 0C                        	PUSH	DWORD [12+EBP]
   354 0000028B FF 75 08                        	PUSH	DWORD [8+EBP]
   355 0000028E E8 FFFFFE92                     	CALL	_boxfill8
   356 00000293 8B 7D 0C                        	MOV	EDI,DWORD [12+EBP]
   357 00000296 83 C4 38                        	ADD	ESP,56
   358 00000299 8B 5D 0C                        	MOV	EBX,DWORD [12+EBP]
   359 0000029C 83 EB 04                        	SUB	EBX,4
   360 0000029F 83 EF 2F                        	SUB	EDI,47
   361 000002A2 56                              	PUSH	ESI
   362 000002A3 53                              	PUSH	EBX
   363 000002A4 56                              	PUSH	ESI
   364 000002A5 57                              	PUSH	EDI
   365 000002A6 6A 0F                           	PUSH	15
   366 000002A8 FF 75 0C                        	PUSH	DWORD [12+EBP]
   367 000002AB FF 75 08                        	PUSH	DWORD [8+EBP]
   368 000002AE E8 FFFFFE72                     	CALL	_boxfill8
   369 000002B3 FF 75 F0                        	PUSH	DWORD [-16+EBP]
   370 000002B6 57                              	PUSH	EDI
   371 000002B7 FF 75 EC                        	PUSH	DWORD [-20+EBP]
   372 000002BA 57                              	PUSH	EDI
   373 000002BB 6A 0F                           	PUSH	15
   374 000002BD FF 75 0C                        	PUSH	DWORD [12+EBP]
   375 000002C0 FF 75 08                        	PUSH	DWORD [8+EBP]
   376 000002C3 E8 FFFFFE5D                     	CALL	_boxfill8
   377 000002C8 83 C4 38                        	ADD	ESP,56
   378 000002CB FF 75 E8                        	PUSH	DWORD [-24+EBP]
   379 000002CE 53                              	PUSH	EBX
   380 000002CF FF 75 E8                        	PUSH	DWORD [-24+EBP]
   381 000002D2 57                              	PUSH	EDI
   382 000002D3 6A 07                           	PUSH	7
   383 000002D5 FF 75 0C                        	PUSH	DWORD [12+EBP]
   384 000002D8 FF 75 08                        	PUSH	DWORD [8+EBP]
   385 000002DB E8 FFFFFE45                     	CALL	_boxfill8
   386 000002E0 8B 45 0C                        	MOV	EAX,DWORD [12+EBP]
   387 000002E3 FF 75 E8                        	PUSH	DWORD [-24+EBP]
   388 000002E6 83 E8 03                        	SUB	EAX,3
   389 000002E9 50                              	PUSH	EAX
   390 000002EA 56                              	PUSH	ESI
   391 000002EB 50                              	PUSH	EAX
   392 000002EC 6A 07                           	PUSH	7
   393 000002EE FF 75 0C                        	PUSH	DWORD [12+EBP]
   394 000002F1 FF 75 08                        	PUSH	DWORD [8+EBP]
   395 000002F4 E8 FFFFFE2C                     	CALL	_boxfill8
   396 000002F9 8D 65 F4                        	LEA	ESP,DWORD [-12+EBP]
   397 000002FC 5B                              	POP	EBX
   398 000002FD 5E                              	POP	ESI
   399 000002FE 5F                              	POP	EDI
   400 000002FF 5D                              	POP	EBP
   401 00000300 C3                              	RET
   402 00000301                                 	GLOBAL	_putfont8
   403 00000301                                 _putfont8:
   404 00000301 55                              	PUSH	EBP
   405 00000302 89 E5                           	MOV	EBP,ESP
   406 00000304 57                              	PUSH	EDI
   407 00000305 56                              	PUSH	ESI
   408 00000306 31 F6                           	XOR	ESI,ESI
   409 00000308 53                              	PUSH	EBX
   410 00000309 8B 7D 1C                        	MOV	EDI,DWORD [28+EBP]
   411 0000030C 8A 5D 18                        	MOV	BL,BYTE [24+EBP]
   412 0000030F                                 L43:
   413 0000030F 8B 45 14                        	MOV	EAX,DWORD [20+EBP]
   414 00000312 8B 55 10                        	MOV	EDX,DWORD [16+EBP]
   415 00000315 01 F0                           	ADD	EAX,ESI
   416 00000317 0F AF 45 0C                     	IMUL	EAX,DWORD [12+EBP]
   417 0000031B 03 45 08                        	ADD	EAX,DWORD [8+EBP]
   418 0000031E 8D 0C 02                        	LEA	ECX,DWORD [EDX+EAX*1]
   419 00000321 8A 14 3E                        	MOV	DL,BYTE [ESI+EDI*1]
   420 00000324 84 D2                           	TEST	DL,DL
   421 00000326 79 02                           	JNS	L35
   422 00000328 88 19                           	MOV	BYTE [ECX],BL
   423 0000032A                                 L35:
   424 0000032A 88 D0                           	MOV	AL,DL
   425 0000032C 83 E0 40                        	AND	EAX,64
   426 0000032F 84 C0                           	TEST	AL,AL
   427 00000331 74 03                           	JE	L36
   428 00000333 88 59 01                        	MOV	BYTE [1+ECX],BL
   429 00000336                                 L36:
   430 00000336 88 D0                           	MOV	AL,DL
   431 00000338 83 E0 20                        	AND	EAX,32
   432 0000033B 84 C0                           	TEST	AL,AL
   433 0000033D 74 03                           	JE	L37
   434 0000033F 88 59 02                        	MOV	BYTE [2+ECX],BL
   435 00000342                                 L37:
   436 00000342 88 D0                           	MOV	AL,DL
   437 00000344 83 E0 10                        	AND	EAX,16
   438 00000347 84 C0                           	TEST	AL,AL
   439 00000349 74 03                           	JE	L38
   440 0000034B 88 59 03                        	MOV	BYTE [3+ECX],BL
   441 0000034E                                 L38:
   442 0000034E 88 D0                           	MOV	AL,DL
   443 00000350 83 E0 08                        	AND	EAX,8
   444 00000353 84 C0                           	TEST	AL,AL
   445 00000355 74 03                           	JE	L39
   446 00000357 88 59 04                        	MOV	BYTE [4+ECX],BL
   447 0000035A                                 L39:
   448 0000035A 88 D0                           	MOV	AL,DL
   449 0000035C 83 E0 04                        	AND	EAX,4
   450 0000035F 84 C0                           	TEST	AL,AL
   451 00000361 74 03                           	JE	L40
   452 00000363 88 59 05                        	MOV	BYTE [5+ECX],BL
   453 00000366                                 L40:
   454 00000366 88 D0                           	MOV	AL,DL
   455 00000368 83 E0 02                        	AND	EAX,2
   456 0000036B 84 C0                           	TEST	AL,AL
   457 0000036D 74 03                           	JE	L41
   458 0000036F 88 59 06                        	MOV	BYTE [6+ECX],BL
   459 00000372                                 L41:
   460 00000372 83 E2 01                        	AND	EDX,1
   461 00000375 84 D2                           	TEST	DL,DL
   462 00000377 74 03                           	JE	L33
   463 00000379 88 59 07                        	MOV	BYTE [7+ECX],BL
   464 0000037C                                 L33:
   465 0000037C 46                              	INC	ESI
   466 0000037D 83 FE 0F                        	CMP	ESI,15
   467 00000380 7E 8D                           	JLE	L43
   468 00000382 5B                              	POP	EBX
   469 00000383 5E                              	POP	ESI
   470 00000384 5F                              	POP	EDI
   471 00000385 5D                              	POP	EBP
   472 00000386 C3                              	RET
   473 00000387                                 	GLOBAL	_putfonts8_asc
   474 00000387                                 _putfonts8_asc:
   475 00000387 55                              	PUSH	EBP
   476 00000388 89 E5                           	MOV	EBP,ESP
   477 0000038A 57                              	PUSH	EDI
   478 0000038B 56                              	PUSH	ESI
   479 0000038C 53                              	PUSH	EBX
   480 0000038D 50                              	PUSH	EAX
   481 0000038E 8B 5D 1C                        	MOV	EBX,DWORD [28+EBP]
   482 00000391 8A 45 18                        	MOV	AL,BYTE [24+EBP]
   483 00000394 88 45 F3                        	MOV	BYTE [-13+EBP],AL
   484 00000397 8B 75 10                        	MOV	ESI,DWORD [16+EBP]
   485 0000039A 8B 7D 14                        	MOV	EDI,DWORD [20+EBP]
   486 0000039D 80 3B 00                        	CMP	BYTE [EBX],0
   487 000003A0 75 08                           	JNE	L51
   488 000003A2                                 L53:
   489 000003A2 8D 65 F4                        	LEA	ESP,DWORD [-12+EBP]
   490 000003A5 5B                              	POP	EBX
   491 000003A6 5E                              	POP	ESI
   492 000003A7 5F                              	POP	EDI
   493 000003A8 5D                              	POP	EBP
   494 000003A9 C3                              	RET
   495 000003AA                                 L51:
   496 000003AA 0F B6 03                        	MOVZX	EAX,BYTE [EBX]
   497 000003AD C1 E0 04                        	SAL	EAX,4
   498 000003B0 43                              	INC	EBX
   499 000003B1 05 [00000000]                   	ADD	EAX,_hankaku
   500 000003B6 50                              	PUSH	EAX
   501 000003B7 0F BE 45 F3                     	MOVSX	EAX,BYTE [-13+EBP]
   502 000003BB 50                              	PUSH	EAX
   503 000003BC 57                              	PUSH	EDI
   504 000003BD 56                              	PUSH	ESI
   505 000003BE 83 C6 08                        	ADD	ESI,8
   506 000003C1 FF 75 0C                        	PUSH	DWORD [12+EBP]
   507 000003C4 FF 75 08                        	PUSH	DWORD [8+EBP]
   508 000003C7 E8 FFFFFF35                     	CALL	_putfont8
   509 000003CC 83 C4 18                        	ADD	ESP,24
   510 000003CF 80 3B 00                        	CMP	BYTE [EBX],0
   511 000003D2 75 D6                           	JNE	L51
   512 000003D4 EB CC                           	JMP	L53
